
**** Clean-only build of configuration demo_2.0inch_HVAC for project EPD_Extension_Board ****

"c:\\ti\\ccsv6\\utils\\bin\\gmake" clean 
DEL /F  "EPD_Extension_Board.out"  "EPD_Extension_Board.hex" 
找不到 D:\kit project\Partial Update_for MSP430F5529 LP\EPD extension board for partial update v1.0beta\EPD_Extension_Board\demo_2.0inch_HVAC\EPD_Extension_Board.out
DEL /F "src\main_for_demo_2.0inch_HVAC.pp" "src\Pervasive_Displays_small_EPD\EPD_hardware_driver.pp" "src\Pervasive_Displays_small_EPD\EPD_interface.pp" "src\Pervasive_Displays_small_EPD\EPD_partial_interface.pp" "src\Pervasive_Displays_small_EPD\COG_FPL\G2_Aurora_Mb\EPD_G2_Aurora_Mb.pp" "src\Pervasive_Displays_small_EPD\COG_FPL\G1_Aurora_Mb\EPD_G1_Aurora_Mb.pp" "src\Images\demo_2.0inch_HVAC\Black.pp" "src\Images\demo_2.0inch_HVAC\H01.pp" "src\Images\demo_2.0inch_HVAC\H02.pp" "src\Images\demo_2.0inch_HVAC\H03.pp" "src\Images\demo_2.0inch_HVAC\H04.pp" "src\Images\demo_2.0inch_HVAC\H05.pp" "src\Images\demo_2.0inch_HVAC\H06.pp" "src\Images\demo_2.0inch_HVAC\H07.pp" "src\Images\demo_2.0inch_HVAC\H08.pp" "src\Images\demo_2.0inch_HVAC\H09.pp" "src\Images\demo_2.0inch_HVAC\H10.pp" "src\Images\demo_2.0inch_HVAC\H11.pp" "src\Images\demo_2.0inch_HVAC\H12.pp" "src\Images\demo_2.0inch_HVAC\H13.pp" "src\Images\demo_2.0inch_HVAC\H14.pp" "src\Images\demo_2.0inch_HVAC\H15.pp" "src\Images\demo_2.0inch_HVAC\White.pp" 
找不到 D:\kit project\Partial Update_for MSP430F5529 LP\EPD extension board for partial update v1.0beta\EPD_Extension_Board\demo_2.0inch_HVAC\src\Pervasive_Displays_small_EPD\COG_FPL\G1_Aurora_Mb\EPD_G1_Aurora_Mb.pp
找不到 D:\kit project\Partial Update_for MSP430F5529 LP\EPD extension board for partial update v1.0beta\EPD_Extension_Board\demo_2.0inch_HVAC\src\Images\demo_2.0inch_HVAC\Black.pp
DEL /F "src\main_for_demo_2.0inch_HVAC.obj" "src\Pervasive_Displays_small_EPD\EPD_hardware_driver.obj" "src\Pervasive_Displays_small_EPD\EPD_interface.obj" "src\Pervasive_Displays_small_EPD\EPD_partial_interface.obj" "src\Pervasive_Displays_small_EPD\COG_FPL\G2_Aurora_Mb\EPD_G2_Aurora_Mb.obj" "src\Pervasive_Displays_small_EPD\COG_FPL\G1_Aurora_Mb\EPD_G1_Aurora_Mb.obj" "src\Images\demo_2.0inch_HVAC\Black.obj" "src\Images\demo_2.0inch_HVAC\H01.obj" "src\Images\demo_2.0inch_HVAC\H02.obj" "src\Images\demo_2.0inch_HVAC\H03.obj" "src\Images\demo_2.0inch_HVAC\H04.obj" "src\Images\demo_2.0inch_HVAC\H05.obj" "src\Images\demo_2.0inch_HVAC\H06.obj" "src\Images\demo_2.0inch_HVAC\H07.obj" "src\Images\demo_2.0inch_HVAC\H08.obj" "src\Images\demo_2.0inch_HVAC\H09.obj" "src\Images\demo_2.0inch_HVAC\H10.obj" "src\Images\demo_2.0inch_HVAC\H11.obj" "src\Images\demo_2.0inch_HVAC\H12.obj" "src\Images\demo_2.0inch_HVAC\H13.obj" "src\Images\demo_2.0inch_HVAC\H14.obj" "src\Images\demo_2.0inch_HVAC\H15.obj" "src\Images\demo_2.0inch_HVAC\White.obj" 
找不到 D:\kit project\Partial Update_for MSP430F5529 LP\EPD extension board for partial update v1.0beta\EPD_Extension_Board\demo_2.0inch_HVAC\src\Pervasive_Displays_small_EPD\COG_FPL\G2_Aurora_Mb\EPD_G2_Aurora_Mb.obj
找不到 D:\kit project\Partial Update_for MSP430F5529 LP\EPD extension board for partial update v1.0beta\EPD_Extension_Board\demo_2.0inch_HVAC\src\Pervasive_Displays_small_EPD\COG_FPL\G1_Aurora_Mb\EPD_G1_Aurora_Mb.obj
找不到 D:\kit project\Partial Update_for MSP430F5529 LP\EPD extension board for partial update v1.0beta\EPD_Extension_Board\demo_2.0inch_HVAC\src\Images\demo_2.0inch_HVAC\Black.obj
'Finished clean'
' '

**** Build Finished ****

**** Build of configuration demo_2.0inch_HVAC for project EPD_Extension_Board ****

"c:\\ti\\ccsv6\\utils\\bin\\gmake" all 
'Building file: ../src/main_for_demo_2.0inch_HVAC.c'
'Invoking: MSP430 Compiler'
"c:/ti/ccsv6/tools/compiler/msp430_4.3.4/bin/cl430" -vmspx --abi=eabi --data_model=restricted --opt_for_speed=1 --include_path="c:/ti/ccsv6/ccs_base/msp430/include" --include_path="D:/kit project/Partial Update_for MSP430F5529 LP/EPD extension board for partial update v1.0beta/EPD_Extension_Board/src/Images/demo_2.0inch_HVAC" --include_path="c:/ti/ccsv6/tools/compiler/msp430_4.3.4/include" --include_path="D:/kit project/Partial Update_for MSP430F5529 LP/EPD extension board for partial update v1.0beta/EPD_Extension_Board/src" --include_path="D:/kit project/Partial Update_for MSP430F5529 LP/EPD extension board for partial update v1.0beta/EPD_Extension_Board/src/Pervasive_Displays_small_EPD" -g --define=__MSP430F5529__ --diag_warning=225 --display_error_number --silicon_errata=CPU21 --silicon_errata=CPU22 --silicon_errata=CPU23 --silicon_errata=CPU40 --printf_support=minimal --preproc_with_compile --preproc_dependency="src/main_for_demo_2.0inch_HVAC.pp" --obj_directory="src"  "../src/main_for_demo_2.0inch_HVAC.c"
'Finished building: ../src/main_for_demo_2.0inch_HVAC.c'
' '
'Building file: ../src/Pervasive_Displays_small_EPD/EPD_hardware_driver.c'
'Invoking: MSP430 Compiler'
"c:/ti/ccsv6/tools/compiler/msp430_4.3.4/bin/cl430" -vmspx --abi=eabi --data_model=restricted --opt_for_speed=1 --include_path="c:/ti/ccsv6/ccs_base/msp430/include" --include_path="D:/kit project/Partial Update_for MSP430F5529 LP/EPD extension board for partial update v1.0beta/EPD_Extension_Board/src/Images/demo_2.0inch_HVAC" --include_path="c:/ti/ccsv6/tools/compiler/msp430_4.3.4/include" --include_path="D:/kit project/Partial Update_for MSP430F5529 LP/EPD extension board for partial update v1.0beta/EPD_Extension_Board/src" --include_path="D:/kit project/Partial Update_for MSP430F5529 LP/EPD extension board for partial update v1.0beta/EPD_Extension_Board/src/Pervasive_Displays_small_EPD" -g --define=__MSP430F5529__ --diag_warning=225 --display_error_number --silicon_errata=CPU21 --silicon_errata=CPU22 --silicon_errata=CPU23 --silicon_errata=CPU40 --printf_support=minimal --preproc_with_compile --preproc_dependency="src/Pervasive_Displays_small_EPD/EPD_hardware_driver.pp" --obj_directory="src/Pervasive_Displays_small_EPD"  "../src/Pervasive_Displays_small_EPD/EPD_hardware_driver.c"
'Finished building: ../src/Pervasive_Displays_small_EPD/EPD_hardware_driver.c'
' '
'Building file: ../src/Pervasive_Displays_small_EPD/EPD_interface.c'
'Invoking: MSP430 Compiler'
"c:/ti/ccsv6/tools/compiler/msp430_4.3.4/bin/cl430" -vmspx --abi=eabi --data_model=restricted --opt_for_speed=1 --include_path="c:/ti/ccsv6/ccs_base/msp430/include" --include_path="D:/kit project/Partial Update_for MSP430F5529 LP/EPD extension board for partial update v1.0beta/EPD_Extension_Board/src/Images/demo_2.0inch_HVAC" --include_path="c:/ti/ccsv6/tools/compiler/msp430_4.3.4/include" --include_path="D:/kit project/Partial Update_for MSP430F5529 LP/EPD extension board for partial update v1.0beta/EPD_Extension_Board/src" --include_path="D:/kit project/Partial Update_for MSP430F5529 LP/EPD extension board for partial update v1.0beta/EPD_Extension_Board/src/Pervasive_Displays_small_EPD" -g --define=__MSP430F5529__ --diag_warning=225 --display_error_number --silicon_errata=CPU21 --silicon_errata=CPU22 --silicon_errata=CPU23 --silicon_errata=CPU40 --printf_support=minimal --preproc_with_compile --preproc_dependency="src/Pervasive_Displays_small_EPD/EPD_interface.pp" --obj_directory="src/Pervasive_Displays_small_EPD"  "../src/Pervasive_Displays_small_EPD/EPD_interface.c"
'Finished building: ../src/Pervasive_Displays_small_EPD/EPD_interface.c'
' '
'Building file: ../src/Pervasive_Displays_small_EPD/EPD_partial_interface.c'
'Invoking: MSP430 Compiler'
"c:/ti/ccsv6/tools/compiler/msp430_4.3.4/bin/cl430" -vmspx --abi=eabi --data_model=restricted --opt_for_speed=1 --include_path="c:/ti/ccsv6/ccs_base/msp430/include" --include_path="D:/kit project/Partial Update_for MSP430F5529 LP/EPD extension board for partial update v1.0beta/EPD_Extension_Board/src/Images/demo_2.0inch_HVAC" --include_path="c:/ti/ccsv6/tools/compiler/msp430_4.3.4/include" --include_path="D:/kit project/Partial Update_for MSP430F5529 LP/EPD extension board for partial update v1.0beta/EPD_Extension_Board/src" --include_path="D:/kit project/Partial Update_for MSP430F5529 LP/EPD extension board for partial update v1.0beta/EPD_Extension_Board/src/Pervasive_Displays_small_EPD" -g --define=__MSP430F5529__ --diag_warning=225 --display_error_number --silicon_errata=CPU21 --silicon_errata=CPU22 --silicon_errata=CPU23 --silicon_errata=CPU40 --printf_support=minimal --preproc_with_compile --preproc_dependency="src/Pervasive_Displays_small_EPD/EPD_partial_interface.pp" --obj_directory="src/Pervasive_Displays_small_EPD"  "../src/Pervasive_Displays_small_EPD/EPD_partial_interface.c"
'Finished building: ../src/Pervasive_Displays_small_EPD/EPD_partial_interface.c'
' '
'Building file: ../src/Pervasive_Displays_small_EPD/COG_FPL/G2_Aurora_Mb/EPD_G2_Aurora_Mb.c'
'Invoking: MSP430 Compiler'
"c:/ti/ccsv6/tools/compiler/msp430_4.3.4/bin/cl430" -vmspx --abi=eabi --data_model=restricted --opt_for_speed=1 --include_path="c:/ti/ccsv6/ccs_base/msp430/include" --include_path="D:/kit project/Partial Update_for MSP430F5529 LP/EPD extension board for partial update v1.0beta/EPD_Extension_Board/src/Images/demo_2.0inch_HVAC" --include_path="c:/ti/ccsv6/tools/compiler/msp430_4.3.4/include" --include_path="D:/kit project/Partial Update_for MSP430F5529 LP/EPD extension board for partial update v1.0beta/EPD_Extension_Board/src" --include_path="D:/kit project/Partial Update_for MSP430F5529 LP/EPD extension board for partial update v1.0beta/EPD_Extension_Board/src/Pervasive_Displays_small_EPD" -g --define=__MSP430F5529__ --diag_warning=225 --display_error_number --silicon_errata=CPU21 --silicon_errata=CPU22 --silicon_errata=CPU23 --silicon_errata=CPU40 --printf_support=minimal --preproc_with_compile --preproc_dependency="src/Pervasive_Displays_small_EPD/COG_FPL/G2_Aurora_Mb/EPD_G2_Aurora_Mb.pp" --obj_directory="src/Pervasive_Displays_small_EPD/COG_FPL/G2_Aurora_Mb"  "../src/Pervasive_Displays_small_EPD/COG_FPL/G2_Aurora_Mb/EPD_G2_Aurora_Mb.c"
'Finished building: ../src/Pervasive_Displays_small_EPD/COG_FPL/G2_Aurora_Mb/EPD_G2_Aurora_Mb.c'
' '
'Building file: ../src/Pervasive_Displays_small_EPD/COG_FPL/G1_Aurora_Mb/EPD_G1_Aurora_Mb.c'
'Invoking: MSP430 Compiler'
"c:/ti/ccsv6/tools/compiler/msp430_4.3.4/bin/cl430" -vmspx --abi=eabi --data_model=restricted --opt_for_speed=1 --include_path="c:/ti/ccsv6/ccs_base/msp430/include" --include_path="D:/kit project/Partial Update_for MSP430F5529 LP/EPD extension board for partial update v1.0beta/EPD_Extension_Board/src/Images/demo_2.0inch_HVAC" --include_path="c:/ti/ccsv6/tools/compiler/msp430_4.3.4/include" --include_path="D:/kit project/Partial Update_for MSP430F5529 LP/EPD extension board for partial update v1.0beta/EPD_Extension_Board/src" --include_path="D:/kit project/Partial Update_for MSP430F5529 LP/EPD extension board for partial update v1.0beta/EPD_Extension_Board/src/Pervasive_Displays_small_EPD" -g --define=__MSP430F5529__ --diag_warning=225 --display_error_number --silicon_errata=CPU21 --silicon_errata=CPU22 --silicon_errata=CPU23 --silicon_errata=CPU40 --printf_support=minimal --preproc_with_compile --preproc_dependency="src/Pervasive_Displays_small_EPD/COG_FPL/G1_Aurora_Mb/EPD_G1_Aurora_Mb.pp" --obj_directory="src/Pervasive_Displays_small_EPD/COG_FPL/G1_Aurora_Mb"  "../src/Pervasive_Displays_small_EPD/COG_FPL/G1_Aurora_Mb/EPD_G1_Aurora_Mb.c"
'Finished building: ../src/Pervasive_Displays_small_EPD/COG_FPL/G1_Aurora_Mb/EPD_G1_Aurora_Mb.c'
' '
'Building file: ../src/Images/demo_2.0inch_HVAC/Black.c'
'Invoking: MSP430 Compiler'
"c:/ti/ccsv6/tools/compiler/msp430_4.3.4/bin/cl430" -vmspx --abi=eabi --data_model=restricted --opt_for_speed=1 --include_path="c:/ti/ccsv6/ccs_base/msp430/include" --include_path="D:/kit project/Partial Update_for MSP430F5529 LP/EPD extension board for partial update v1.0beta/EPD_Extension_Board/src/Images/demo_2.0inch_HVAC" --include_path="c:/ti/ccsv6/tools/compiler/msp430_4.3.4/include" --include_path="D:/kit project/Partial Update_for MSP430F5529 LP/EPD extension board for partial update v1.0beta/EPD_Extension_Board/src" --include_path="D:/kit project/Partial Update_for MSP430F5529 LP/EPD extension board for partial update v1.0beta/EPD_Extension_Board/src/Pervasive_Displays_small_EPD" -g --define=__MSP430F5529__ --diag_warning=225 --display_error_number --silicon_errata=CPU21 --silicon_errata=CPU22 --silicon_errata=CPU23 --silicon_errata=CPU40 --printf_support=minimal --preproc_with_compile --preproc_dependency="src/Images/demo_2.0inch_HVAC/Black.pp" --obj_directory="src/Images/demo_2.0inch_HVAC"  "../src/Images/demo_2.0inch_HVAC/Black.c"
'Finished building: ../src/Images/demo_2.0inch_HVAC/Black.c'
' '
'Building file: ../src/Images/demo_2.0inch_HVAC/H01.c'
'Invoking: MSP430 Compiler'
"c:/ti/ccsv6/tools/compiler/msp430_4.3.4/bin/cl430" -vmspx --abi=eabi --data_model=restricted --opt_for_speed=1 --include_path="c:/ti/ccsv6/ccs_base/msp430/include" --include_path="D:/kit project/Partial Update_for MSP430F5529 LP/EPD extension board for partial update v1.0beta/EPD_Extension_Board/src/Images/demo_2.0inch_HVAC" --include_path="c:/ti/ccsv6/tools/compiler/msp430_4.3.4/include" --include_path="D:/kit project/Partial Update_for MSP430F5529 LP/EPD extension board for partial update v1.0beta/EPD_Extension_Board/src" --include_path="D:/kit project/Partial Update_for MSP430F5529 LP/EPD extension board for partial update v1.0beta/EPD_Extension_Board/src/Pervasive_Displays_small_EPD" -g --define=__MSP430F5529__ --diag_warning=225 --display_error_number --silicon_errata=CPU21 --silicon_errata=CPU22 --silicon_errata=CPU23 --silicon_errata=CPU40 --printf_support=minimal --preproc_with_compile --preproc_dependency="src/Images/demo_2.0inch_HVAC/H01.pp" --obj_directory="src/Images/demo_2.0inch_HVAC"  "../src/Images/demo_2.0inch_HVAC/H01.c"
'Finished building: ../src/Images/demo_2.0inch_HVAC/H01.c'
' '
'Building file: ../src/Images/demo_2.0inch_HVAC/H02.c'
'Invoking: MSP430 Compiler'
"c:/ti/ccsv6/tools/compiler/msp430_4.3.4/bin/cl430" -vmspx --abi=eabi --data_model=restricted --opt_for_speed=1 --include_path="c:/ti/ccsv6/ccs_base/msp430/include" --include_path="D:/kit project/Partial Update_for MSP430F5529 LP/EPD extension board for partial update v1.0beta/EPD_Extension_Board/src/Images/demo_2.0inch_HVAC" --include_path="c:/ti/ccsv6/tools/compiler/msp430_4.3.4/include" --include_path="D:/kit project/Partial Update_for MSP430F5529 LP/EPD extension board for partial update v1.0beta/EPD_Extension_Board/src" --include_path="D:/kit project/Partial Update_for MSP430F5529 LP/EPD extension board for partial update v1.0beta/EPD_Extension_Board/src/Pervasive_Displays_small_EPD" -g --define=__MSP430F5529__ --diag_warning=225 --display_error_number --silicon_errata=CPU21 --silicon_errata=CPU22 --silicon_errata=CPU23 --silicon_errata=CPU40 --printf_support=minimal --preproc_with_compile --preproc_dependency="src/Images/demo_2.0inch_HVAC/H02.pp" --obj_directory="src/Images/demo_2.0inch_HVAC"  "../src/Images/demo_2.0inch_HVAC/H02.c"
'Finished building: ../src/Images/demo_2.0inch_HVAC/H02.c'
' '
'Building file: ../src/Images/demo_2.0inch_HVAC/H03.c'
'Invoking: MSP430 Compiler'
"c:/ti/ccsv6/tools/compiler/msp430_4.3.4/bin/cl430" -vmspx --abi=eabi --data_model=restricted --opt_for_speed=1 --include_path="c:/ti/ccsv6/ccs_base/msp430/include" --include_path="D:/kit project/Partial Update_for MSP430F5529 LP/EPD extension board for partial update v1.0beta/EPD_Extension_Board/src/Images/demo_2.0inch_HVAC" --include_path="c:/ti/ccsv6/tools/compiler/msp430_4.3.4/include" --include_path="D:/kit project/Partial Update_for MSP430F5529 LP/EPD extension board for partial update v1.0beta/EPD_Extension_Board/src" --include_path="D:/kit project/Partial Update_for MSP430F5529 LP/EPD extension board for partial update v1.0beta/EPD_Extension_Board/src/Pervasive_Displays_small_EPD" -g --define=__MSP430F5529__ --diag_warning=225 --display_error_number --silicon_errata=CPU21 --silicon_errata=CPU22 --silicon_errata=CPU23 --silicon_errata=CPU40 --printf_support=minimal --preproc_with_compile --preproc_dependency="src/Images/demo_2.0inch_HVAC/H03.pp" --obj_directory="src/Images/demo_2.0inch_HVAC"  "../src/Images/demo_2.0inch_HVAC/H03.c"
'Finished building: ../src/Images/demo_2.0inch_HVAC/H03.c'
' '
'Building file: ../src/Images/demo_2.0inch_HVAC/H04.c'
'Invoking: MSP430 Compiler'
"c:/ti/ccsv6/tools/compiler/msp430_4.3.4/bin/cl430" -vmspx --abi=eabi --data_model=restricted --opt_for_speed=1 --include_path="c:/ti/ccsv6/ccs_base/msp430/include" --include_path="D:/kit project/Partial Update_for MSP430F5529 LP/EPD extension board for partial update v1.0beta/EPD_Extension_Board/src/Images/demo_2.0inch_HVAC" --include_path="c:/ti/ccsv6/tools/compiler/msp430_4.3.4/include" --include_path="D:/kit project/Partial Update_for MSP430F5529 LP/EPD extension board for partial update v1.0beta/EPD_Extension_Board/src" --include_path="D:/kit project/Partial Update_for MSP430F5529 LP/EPD extension board for partial update v1.0beta/EPD_Extension_Board/src/Pervasive_Displays_small_EPD" -g --define=__MSP430F5529__ --diag_warning=225 --display_error_number --silicon_errata=CPU21 --silicon_errata=CPU22 --silicon_errata=CPU23 --silicon_errata=CPU40 --printf_support=minimal --preproc_with_compile --preproc_dependency="src/Images/demo_2.0inch_HVAC/H04.pp" --obj_directory="src/Images/demo_2.0inch_HVAC"  "../src/Images/demo_2.0inch_HVAC/H04.c"
'Finished building: ../src/Images/demo_2.0inch_HVAC/H04.c'
' '
'Building file: ../src/Images/demo_2.0inch_HVAC/H05.c'
'Invoking: MSP430 Compiler'
"c:/ti/ccsv6/tools/compiler/msp430_4.3.4/bin/cl430" -vmspx --abi=eabi --data_model=restricted --opt_for_speed=1 --include_path="c:/ti/ccsv6/ccs_base/msp430/include" --include_path="D:/kit project/Partial Update_for MSP430F5529 LP/EPD extension board for partial update v1.0beta/EPD_Extension_Board/src/Images/demo_2.0inch_HVAC" --include_path="c:/ti/ccsv6/tools/compiler/msp430_4.3.4/include" --include_path="D:/kit project/Partial Update_for MSP430F5529 LP/EPD extension board for partial update v1.0beta/EPD_Extension_Board/src" --include_path="D:/kit project/Partial Update_for MSP430F5529 LP/EPD extension board for partial update v1.0beta/EPD_Extension_Board/src/Pervasive_Displays_small_EPD" -g --define=__MSP430F5529__ --diag_warning=225 --display_error_number --silicon_errata=CPU21 --silicon_errata=CPU22 --silicon_errata=CPU23 --silicon_errata=CPU40 --printf_support=minimal --preproc_with_compile --preproc_dependency="src/Images/demo_2.0inch_HVAC/H05.pp" --obj_directory="src/Images/demo_2.0inch_HVAC"  "../src/Images/demo_2.0inch_HVAC/H05.c"
'Finished building: ../src/Images/demo_2.0inch_HVAC/H05.c'
' '
'Building file: ../src/Images/demo_2.0inch_HVAC/H06.c'
'Invoking: MSP430 Compiler'
"c:/ti/ccsv6/tools/compiler/msp430_4.3.4/bin/cl430" -vmspx --abi=eabi --data_model=restricted --opt_for_speed=1 --include_path="c:/ti/ccsv6/ccs_base/msp430/include" --include_path="D:/kit project/Partial Update_for MSP430F5529 LP/EPD extension board for partial update v1.0beta/EPD_Extension_Board/src/Images/demo_2.0inch_HVAC" --include_path="c:/ti/ccsv6/tools/compiler/msp430_4.3.4/include" --include_path="D:/kit project/Partial Update_for MSP430F5529 LP/EPD extension board for partial update v1.0beta/EPD_Extension_Board/src" --include_path="D:/kit project/Partial Update_for MSP430F5529 LP/EPD extension board for partial update v1.0beta/EPD_Extension_Board/src/Pervasive_Displays_small_EPD" -g --define=__MSP430F5529__ --diag_warning=225 --display_error_number --silicon_errata=CPU21 --silicon_errata=CPU22 --silicon_errata=CPU23 --silicon_errata=CPU40 --printf_support=minimal --preproc_with_compile --preproc_dependency="src/Images/demo_2.0inch_HVAC/H06.pp" --obj_directory="src/Images/demo_2.0inch_HVAC"  "../src/Images/demo_2.0inch_HVAC/H06.c"
'Finished building: ../src/Images/demo_2.0inch_HVAC/H06.c'
' '
'Building file: ../src/Images/demo_2.0inch_HVAC/H07.c'
'Invoking: MSP430 Compiler'
"c:/ti/ccsv6/tools/compiler/msp430_4.3.4/bin/cl430" -vmspx --abi=eabi --data_model=restricted --opt_for_speed=1 --include_path="c:/ti/ccsv6/ccs_base/msp430/include" --include_path="D:/kit project/Partial Update_for MSP430F5529 LP/EPD extension board for partial update v1.0beta/EPD_Extension_Board/src/Images/demo_2.0inch_HVAC" --include_path="c:/ti/ccsv6/tools/compiler/msp430_4.3.4/include" --include_path="D:/kit project/Partial Update_for MSP430F5529 LP/EPD extension board for partial update v1.0beta/EPD_Extension_Board/src" --include_path="D:/kit project/Partial Update_for MSP430F5529 LP/EPD extension board for partial update v1.0beta/EPD_Extension_Board/src/Pervasive_Displays_small_EPD" -g --define=__MSP430F5529__ --diag_warning=225 --display_error_number --silicon_errata=CPU21 --silicon_errata=CPU22 --silicon_errata=CPU23 --silicon_errata=CPU40 --printf_support=minimal --preproc_with_compile --preproc_dependency="src/Images/demo_2.0inch_HVAC/H07.pp" --obj_directory="src/Images/demo_2.0inch_HVAC"  "../src/Images/demo_2.0inch_HVAC/H07.c"
'Finished building: ../src/Images/demo_2.0inch_HVAC/H07.c'
' '
'Building file: ../src/Images/demo_2.0inch_HVAC/H08.c'
'Invoking: MSP430 Compiler'
"c:/ti/ccsv6/tools/compiler/msp430_4.3.4/bin/cl430" -vmspx --abi=eabi --data_model=restricted --opt_for_speed=1 --include_path="c:/ti/ccsv6/ccs_base/msp430/include" --include_path="D:/kit project/Partial Update_for MSP430F5529 LP/EPD extension board for partial update v1.0beta/EPD_Extension_Board/src/Images/demo_2.0inch_HVAC" --include_path="c:/ti/ccsv6/tools/compiler/msp430_4.3.4/include" --include_path="D:/kit project/Partial Update_for MSP430F5529 LP/EPD extension board for partial update v1.0beta/EPD_Extension_Board/src" --include_path="D:/kit project/Partial Update_for MSP430F5529 LP/EPD extension board for partial update v1.0beta/EPD_Extension_Board/src/Pervasive_Displays_small_EPD" -g --define=__MSP430F5529__ --diag_warning=225 --display_error_number --silicon_errata=CPU21 --silicon_errata=CPU22 --silicon_errata=CPU23 --silicon_errata=CPU40 --printf_support=minimal --preproc_with_compile --preproc_dependency="src/Images/demo_2.0inch_HVAC/H08.pp" --obj_directory="src/Images/demo_2.0inch_HVAC"  "../src/Images/demo_2.0inch_HVAC/H08.c"
'Finished building: ../src/Images/demo_2.0inch_HVAC/H08.c'
' '
'Building file: ../src/Images/demo_2.0inch_HVAC/H09.c'
'Invoking: MSP430 Compiler'
"c:/ti/ccsv6/tools/compiler/msp430_4.3.4/bin/cl430" -vmspx --abi=eabi --data_model=restricted --opt_for_speed=1 --include_path="c:/ti/ccsv6/ccs_base/msp430/include" --include_path="D:/kit project/Partial Update_for MSP430F5529 LP/EPD extension board for partial update v1.0beta/EPD_Extension_Board/src/Images/demo_2.0inch_HVAC" --include_path="c:/ti/ccsv6/tools/compiler/msp430_4.3.4/include" --include_path="D:/kit project/Partial Update_for MSP430F5529 LP/EPD extension board for partial update v1.0beta/EPD_Extension_Board/src" --include_path="D:/kit project/Partial Update_for MSP430F5529 LP/EPD extension board for partial update v1.0beta/EPD_Extension_Board/src/Pervasive_Displays_small_EPD" -g --define=__MSP430F5529__ --diag_warning=225 --display_error_number --silicon_errata=CPU21 --silicon_errata=CPU22 --silicon_errata=CPU23 --silicon_errata=CPU40 --printf_support=minimal --preproc_with_compile --preproc_dependency="src/Images/demo_2.0inch_HVAC/H09.pp" --obj_directory="src/Images/demo_2.0inch_HVAC"  "../src/Images/demo_2.0inch_HVAC/H09.c"
'Finished building: ../src/Images/demo_2.0inch_HVAC/H09.c'
' '
'Building file: ../src/Images/demo_2.0inch_HVAC/H10.c'
'Invoking: MSP430 Compiler'
"c:/ti/ccsv6/tools/compiler/msp430_4.3.4/bin/cl430" -vmspx --abi=eabi --data_model=restricted --opt_for_speed=1 --include_path="c:/ti/ccsv6/ccs_base/msp430/include" --include_path="D:/kit project/Partial Update_for MSP430F5529 LP/EPD extension board for partial update v1.0beta/EPD_Extension_Board/src/Images/demo_2.0inch_HVAC" --include_path="c:/ti/ccsv6/tools/compiler/msp430_4.3.4/include" --include_path="D:/kit project/Partial Update_for MSP430F5529 LP/EPD extension board for partial update v1.0beta/EPD_Extension_Board/src" --include_path="D:/kit project/Partial Update_for MSP430F5529 LP/EPD extension board for partial update v1.0beta/EPD_Extension_Board/src/Pervasive_Displays_small_EPD" -g --define=__MSP430F5529__ --diag_warning=225 --display_error_number --silicon_errata=CPU21 --silicon_errata=CPU22 --silicon_errata=CPU23 --silicon_errata=CPU40 --printf_support=minimal --preproc_with_compile --preproc_dependency="src/Images/demo_2.0inch_HVAC/H10.pp" --obj_directory="src/Images/demo_2.0inch_HVAC"  "../src/Images/demo_2.0inch_HVAC/H10.c"
'Finished building: ../src/Images/demo_2.0inch_HVAC/H10.c'
' '
'Building file: ../src/Images/demo_2.0inch_HVAC/H11.c'
'Invoking: MSP430 Compiler'
"c:/ti/ccsv6/tools/compiler/msp430_4.3.4/bin/cl430" -vmspx --abi=eabi --data_model=restricted --opt_for_speed=1 --include_path="c:/ti/ccsv6/ccs_base/msp430/include" --include_path="D:/kit project/Partial Update_for MSP430F5529 LP/EPD extension board for partial update v1.0beta/EPD_Extension_Board/src/Images/demo_2.0inch_HVAC" --include_path="c:/ti/ccsv6/tools/compiler/msp430_4.3.4/include" --include_path="D:/kit project/Partial Update_for MSP430F5529 LP/EPD extension board for partial update v1.0beta/EPD_Extension_Board/src" --include_path="D:/kit project/Partial Update_for MSP430F5529 LP/EPD extension board for partial update v1.0beta/EPD_Extension_Board/src/Pervasive_Displays_small_EPD" -g --define=__MSP430F5529__ --diag_warning=225 --display_error_number --silicon_errata=CPU21 --silicon_errata=CPU22 --silicon_errata=CPU23 --silicon_errata=CPU40 --printf_support=minimal --preproc_with_compile --preproc_dependency="src/Images/demo_2.0inch_HVAC/H11.pp" --obj_directory="src/Images/demo_2.0inch_HVAC"  "../src/Images/demo_2.0inch_HVAC/H11.c"
'Finished building: ../src/Images/demo_2.0inch_HVAC/H11.c'
' '
'Building file: ../src/Images/demo_2.0inch_HVAC/H12.c'
'Invoking: MSP430 Compiler'
"c:/ti/ccsv6/tools/compiler/msp430_4.3.4/bin/cl430" -vmspx --abi=eabi --data_model=restricted --opt_for_speed=1 --include_path="c:/ti/ccsv6/ccs_base/msp430/include" --include_path="D:/kit project/Partial Update_for MSP430F5529 LP/EPD extension board for partial update v1.0beta/EPD_Extension_Board/src/Images/demo_2.0inch_HVAC" --include_path="c:/ti/ccsv6/tools/compiler/msp430_4.3.4/include" --include_path="D:/kit project/Partial Update_for MSP430F5529 LP/EPD extension board for partial update v1.0beta/EPD_Extension_Board/src" --include_path="D:/kit project/Partial Update_for MSP430F5529 LP/EPD extension board for partial update v1.0beta/EPD_Extension_Board/src/Pervasive_Displays_small_EPD" -g --define=__MSP430F5529__ --diag_warning=225 --display_error_number --silicon_errata=CPU21 --silicon_errata=CPU22 --silicon_errata=CPU23 --silicon_errata=CPU40 --printf_support=minimal --preproc_with_compile --preproc_dependency="src/Images/demo_2.0inch_HVAC/H12.pp" --obj_directory="src/Images/demo_2.0inch_HVAC"  "../src/Images/demo_2.0inch_HVAC/H12.c"
'Finished building: ../src/Images/demo_2.0inch_HVAC/H12.c'
' '
'Building file: ../src/Images/demo_2.0inch_HVAC/H13.c'
'Invoking: MSP430 Compiler'
"c:/ti/ccsv6/tools/compiler/msp430_4.3.4/bin/cl430" -vmspx --abi=eabi --data_model=restricted --opt_for_speed=1 --include_path="c:/ti/ccsv6/ccs_base/msp430/include" --include_path="D:/kit project/Partial Update_for MSP430F5529 LP/EPD extension board for partial update v1.0beta/EPD_Extension_Board/src/Images/demo_2.0inch_HVAC" --include_path="c:/ti/ccsv6/tools/compiler/msp430_4.3.4/include" --include_path="D:/kit project/Partial Update_for MSP430F5529 LP/EPD extension board for partial update v1.0beta/EPD_Extension_Board/src" --include_path="D:/kit project/Partial Update_for MSP430F5529 LP/EPD extension board for partial update v1.0beta/EPD_Extension_Board/src/Pervasive_Displays_small_EPD" -g --define=__MSP430F5529__ --diag_warning=225 --display_error_number --silicon_errata=CPU21 --silicon_errata=CPU22 --silicon_errata=CPU23 --silicon_errata=CPU40 --printf_support=minimal --preproc_with_compile --preproc_dependency="src/Images/demo_2.0inch_HVAC/H13.pp" --obj_directory="src/Images/demo_2.0inch_HVAC"  "../src/Images/demo_2.0inch_HVAC/H13.c"
'Finished building: ../src/Images/demo_2.0inch_HVAC/H13.c'
' '
'Building file: ../src/Images/demo_2.0inch_HVAC/H14.c'
'Invoking: MSP430 Compiler'
"c:/ti/ccsv6/tools/compiler/msp430_4.3.4/bin/cl430" -vmspx --abi=eabi --data_model=restricted --opt_for_speed=1 --include_path="c:/ti/ccsv6/ccs_base/msp430/include" --include_path="D:/kit project/Partial Update_for MSP430F5529 LP/EPD extension board for partial update v1.0beta/EPD_Extension_Board/src/Images/demo_2.0inch_HVAC" --include_path="c:/ti/ccsv6/tools/compiler/msp430_4.3.4/include" --include_path="D:/kit project/Partial Update_for MSP430F5529 LP/EPD extension board for partial update v1.0beta/EPD_Extension_Board/src" --include_path="D:/kit project/Partial Update_for MSP430F5529 LP/EPD extension board for partial update v1.0beta/EPD_Extension_Board/src/Pervasive_Displays_small_EPD" -g --define=__MSP430F5529__ --diag_warning=225 --display_error_number --silicon_errata=CPU21 --silicon_errata=CPU22 --silicon_errata=CPU23 --silicon_errata=CPU40 --printf_support=minimal --preproc_with_compile --preproc_dependency="src/Images/demo_2.0inch_HVAC/H14.pp" --obj_directory="src/Images/demo_2.0inch_HVAC"  "../src/Images/demo_2.0inch_HVAC/H14.c"
'Finished building: ../src/Images/demo_2.0inch_HVAC/H14.c'
' '
'Building file: ../src/Images/demo_2.0inch_HVAC/H15.c'
'Invoking: MSP430 Compiler'
"c:/ti/ccsv6/tools/compiler/msp430_4.3.4/bin/cl430" -vmspx --abi=eabi --data_model=restricted --opt_for_speed=1 --include_path="c:/ti/ccsv6/ccs_base/msp430/include" --include_path="D:/kit project/Partial Update_for MSP430F5529 LP/EPD extension board for partial update v1.0beta/EPD_Extension_Board/src/Images/demo_2.0inch_HVAC" --include_path="c:/ti/ccsv6/tools/compiler/msp430_4.3.4/include" --include_path="D:/kit project/Partial Update_for MSP430F5529 LP/EPD extension board for partial update v1.0beta/EPD_Extension_Board/src" --include_path="D:/kit project/Partial Update_for MSP430F5529 LP/EPD extension board for partial update v1.0beta/EPD_Extension_Board/src/Pervasive_Displays_small_EPD" -g --define=__MSP430F5529__ --diag_warning=225 --display_error_number --silicon_errata=CPU21 --silicon_errata=CPU22 --silicon_errata=CPU23 --silicon_errata=CPU40 --printf_support=minimal --preproc_with_compile --preproc_dependency="src/Images/demo_2.0inch_HVAC/H15.pp" --obj_directory="src/Images/demo_2.0inch_HVAC"  "../src/Images/demo_2.0inch_HVAC/H15.c"
'Finished building: ../src/Images/demo_2.0inch_HVAC/H15.c'
' '
'Building file: ../src/Images/demo_2.0inch_HVAC/White.c'
'Invoking: MSP430 Compiler'
"c:/ti/ccsv6/tools/compiler/msp430_4.3.4/bin/cl430" -vmspx --abi=eabi --data_model=restricted --opt_for_speed=1 --include_path="c:/ti/ccsv6/ccs_base/msp430/include" --include_path="D:/kit project/Partial Update_for MSP430F5529 LP/EPD extension board for partial update v1.0beta/EPD_Extension_Board/src/Images/demo_2.0inch_HVAC" --include_path="c:/ti/ccsv6/tools/compiler/msp430_4.3.4/include" --include_path="D:/kit project/Partial Update_for MSP430F5529 LP/EPD extension board for partial update v1.0beta/EPD_Extension_Board/src" --include_path="D:/kit project/Partial Update_for MSP430F5529 LP/EPD extension board for partial update v1.0beta/EPD_Extension_Board/src/Pervasive_Displays_small_EPD" -g --define=__MSP430F5529__ --diag_warning=225 --display_error_number --silicon_errata=CPU21 --silicon_errata=CPU22 --silicon_errata=CPU23 --silicon_errata=CPU40 --printf_support=minimal --preproc_with_compile --preproc_dependency="src/Images/demo_2.0inch_HVAC/White.pp" --obj_directory="src/Images/demo_2.0inch_HVAC"  "../src/Images/demo_2.0inch_HVAC/White.c"
'Finished building: ../src/Images/demo_2.0inch_HVAC/White.c'
' '
'Building target: EPD_Extension_Board.out'
'Invoking: MSP430 Linker'
"c:/ti/ccsv6/tools/compiler/msp430_4.3.4/bin/cl430" -vmspx --abi=eabi --data_model=restricted --opt_for_speed=1 -g --define=__MSP430F5529__ --diag_warning=225 --display_error_number --silicon_errata=CPU21 --silicon_errata=CPU22 --silicon_errata=CPU23 --silicon_errata=CPU40 --printf_support=minimal -z -m"EPD_Extension_Board.map" --heap_size=160 --stack_size=160 --use_hw_mpy=F5 --cinit_hold_wdt=on -i"c:/ti/ccsv6/ccs_base/msp430/include" -i"c:/ti/ccsv6/tools/compiler/msp430_4.3.4/lib" -i"c:/ti/ccsv6/tools/compiler/msp430_4.3.4/include" -i"c:/ti/ccsv6/ccs_base/msp430/lib/5xx_6xx_FRxx" --reread_libs --warn_sections --diag_suppress=10374 --xml_link_info="EPD_Extension_Board_linkInfo.xml" --rom_model -o "EPD_Extension_Board.out"  "./src/main_for_demo_2.0inch_HVAC.obj" "./src/Pervasive_Displays_small_EPD/EPD_hardware_driver.obj" "./src/Pervasive_Displays_small_EPD/EPD_interface.obj" "./src/Pervasive_Displays_small_EPD/EPD_partial_interface.obj" "./src/Pervasive_Displays_small_EPD/COG_FPL/G2_Aurora_Mb/EPD_G2_Aurora_Mb.obj" "./src/Pervasive_Displays_small_EPD/COG_FPL/G1_Aurora_Mb/EPD_G1_Aurora_Mb.obj" "./src/Images/demo_2.0inch_HVAC/Black.obj" "./src/Images/demo_2.0inch_HVAC/H01.obj" "./src/Images/demo_2.0inch_HVAC/H02.obj" "./src/Images/demo_2.0inch_HVAC/H03.obj" "./src/Images/demo_2.0inch_HVAC/H04.obj" "./src/Images/demo_2.0inch_HVAC/H05.obj" "./src/Images/demo_2.0inch_HVAC/H06.obj" "./src/Images/demo_2.0inch_HVAC/H07.obj" "./src/Images/demo_2.0inch_HVAC/H08.obj" "./src/Images/demo_2.0inch_HVAC/H09.obj" "./src/Images/demo_2.0inch_HVAC/H10.obj" "./src/Images/demo_2.0inch_HVAC/H11.obj" "./src/Images/demo_2.0inch_HVAC/H12.obj" "./src/Images/demo_2.0inch_HVAC/H13.obj" "./src/Images/demo_2.0inch_HVAC/H14.obj" "./src/Images/demo_2.0inch_HVAC/H15.obj" "./src/Images/demo_2.0inch_HVAC/White.obj" "../lnk_msp430f5529.cmd" -l"libc.a" -l"libmath.a" 
<Linking>
'Finished building target: EPD_Extension_Board.out'
' '

**** Build Finished ****

**** Build of configuration demo_2.0inch_HVAC for project EPD_Extension_Board ****

"c:\\ti\\ccsv6\\utils\\bin\\gmake" all 
gmake: Nothing to be done for `all'.

**** Build Finished ****
