
**** Build of configuration Debug for project MSP-EXP430F5529_Grlib_Example ****

"E:\\ti\\ccsv6\\utils\\bin\\gmake" -k all 
'Building file: ../main.c'
'Invoking: MSP430 Compiler'
"E:/ti/ccsv6/tools/compiler/msp430_4.3.5/bin/cl430" -vmspx --abi=eabi --data_model=restricted -O3 --include_path="E:/ti/ccsv6/ccs_base/msp430/include" --include_path="E:/ti/ccsv6/tools/compiler/msp430_4.3.5/include" --include_path="H:/epaper/1027_new/EPD Extension Board v2.00 add G2_1201/EPD Extension Board v2.00 add G2/MSP-EXP430F5529_Grlib_Example/driverlib/MSP430F5xx_6xx" --include_path="H:/epaper/1027_new/EPD Extension Board v2.00 add G2_1201/EPD Extension Board v2.00 add G2/MSP-EXP430F5529_Grlib_Example" --include_path="H:/epaper/1027_new/EPD Extension Board v2.00 add G2_1201/EPD Extension Board v2.00 add G2/MSP-EXP430F5529_Grlib_Example/grlib" --include_path="H:/epaper/1027_new/EPD Extension Board v2.00 add G2_1201/EPD Extension Board v2.00 add G2/MSP-EXP430F5529_Grlib_Example/fonts" --advice:power="none" -g --define=__MSP430F5529__ --diag_warning=225 --display_error_number --diag_wrap=off --silicon_errata=CPU21 --silicon_errata=CPU22 --silicon_errata=CPU23 --silicon_errata=CPU40 --large_memory_model --printf_support=minimal --preproc_with_compile --preproc_dependency="main.pp"  "../main.c"
'Finished building: ../main.c'
' '
'Building file: ../grlib/circle.c'
'Invoking: MSP430 Compiler'
"E:/ti/ccsv6/tools/compiler/msp430_4.3.5/bin/cl430" -vmspx --abi=eabi --data_model=restricted -O3 --include_path="E:/ti/ccsv6/ccs_base/msp430/include" --include_path="E:/ti/ccsv6/tools/compiler/msp430_4.3.5/include" --include_path="H:/epaper/1027_new/EPD Extension Board v2.00 add G2_1201/EPD Extension Board v2.00 add G2/MSP-EXP430F5529_Grlib_Example/driverlib/MSP430F5xx_6xx" --include_path="H:/epaper/1027_new/EPD Extension Board v2.00 add G2_1201/EPD Extension Board v2.00 add G2/MSP-EXP430F5529_Grlib_Example" --include_path="H:/epaper/1027_new/EPD Extension Board v2.00 add G2_1201/EPD Extension Board v2.00 add G2/MSP-EXP430F5529_Grlib_Example/grlib" --include_path="H:/epaper/1027_new/EPD Extension Board v2.00 add G2_1201/EPD Extension Board v2.00 add G2/MSP-EXP430F5529_Grlib_Example/fonts" --advice:power="none" -g --define=__MSP430F5529__ --diag_warning=225 --display_error_number --diag_wrap=off --silicon_errata=CPU21 --silicon_errata=CPU22 --silicon_errata=CPU23 --silicon_errata=CPU40 --large_memory_model --printf_support=minimal --preproc_with_compile --preproc_dependency="grlib/circle.pp" --obj_directory="grlib"  "../grlib/circle.c"
'Finished building: ../grlib/circle.c'
' '
'Building file: ../grlib/context.c'
'Invoking: MSP430 Compiler'
"E:/ti/ccsv6/tools/compiler/msp430_4.3.5/bin/cl430" -vmspx --abi=eabi --data_model=restricted -O3 --include_path="E:/ti/ccsv6/ccs_base/msp430/include" --include_path="E:/ti/ccsv6/tools/compiler/msp430_4.3.5/include" --include_path="H:/epaper/1027_new/EPD Extension Board v2.00 add G2_1201/EPD Extension Board v2.00 add G2/MSP-EXP430F5529_Grlib_Example/driverlib/MSP430F5xx_6xx" --include_path="H:/epaper/1027_new/EPD Extension Board v2.00 add G2_1201/EPD Extension Board v2.00 add G2/MSP-EXP430F5529_Grlib_Example" --include_path="H:/epaper/1027_new/EPD Extension Board v2.00 add G2_1201/EPD Extension Board v2.00 add G2/MSP-EXP430F5529_Grlib_Example/grlib" --include_path="H:/epaper/1027_new/EPD Extension Board v2.00 add G2_1201/EPD Extension Board v2.00 add G2/MSP-EXP430F5529_Grlib_Example/fonts" --advice:power="none" -g --define=__MSP430F5529__ --diag_warning=225 --display_error_number --diag_wrap=off --silicon_errata=CPU21 --silicon_errata=CPU22 --silicon_errata=CPU23 --silicon_errata=CPU40 --large_memory_model --printf_support=minimal --preproc_with_compile --preproc_dependency="grlib/context.pp" --obj_directory="grlib"  "../grlib/context.c"
'Finished building: ../grlib/context.c'
' '
'Building file: ../grlib/image.c'
'Invoking: MSP430 Compiler'
"E:/ti/ccsv6/tools/compiler/msp430_4.3.5/bin/cl430" -vmspx --abi=eabi --data_model=restricted -O3 --include_path="E:/ti/ccsv6/ccs_base/msp430/include" --include_path="E:/ti/ccsv6/tools/compiler/msp430_4.3.5/include" --include_path="H:/epaper/1027_new/EPD Extension Board v2.00 add G2_1201/EPD Extension Board v2.00 add G2/MSP-EXP430F5529_Grlib_Example/driverlib/MSP430F5xx_6xx" --include_path="H:/epaper/1027_new/EPD Extension Board v2.00 add G2_1201/EPD Extension Board v2.00 add G2/MSP-EXP430F5529_Grlib_Example" --include_path="H:/epaper/1027_new/EPD Extension Board v2.00 add G2_1201/EPD Extension Board v2.00 add G2/MSP-EXP430F5529_Grlib_Example/grlib" --include_path="H:/epaper/1027_new/EPD Extension Board v2.00 add G2_1201/EPD Extension Board v2.00 add G2/MSP-EXP430F5529_Grlib_Example/fonts" --advice:power="none" -g --define=__MSP430F5529__ --diag_warning=225 --display_error_number --diag_wrap=off --silicon_errata=CPU21 --silicon_errata=CPU22 --silicon_errata=CPU23 --silicon_errata=CPU40 --large_memory_model --printf_support=minimal --preproc_with_compile --preproc_dependency="grlib/image.pp" --obj_directory="grlib"  "../grlib/image.c"
'Finished building: ../grlib/image.c'
' '
'Building file: ../grlib/line.c'
'Invoking: MSP430 Compiler'
"E:/ti/ccsv6/tools/compiler/msp430_4.3.5/bin/cl430" -vmspx --abi=eabi --data_model=restricted -O3 --include_path="E:/ti/ccsv6/ccs_base/msp430/include" --include_path="E:/ti/ccsv6/tools/compiler/msp430_4.3.5/include" --include_path="H:/epaper/1027_new/EPD Extension Board v2.00 add G2_1201/EPD Extension Board v2.00 add G2/MSP-EXP430F5529_Grlib_Example/driverlib/MSP430F5xx_6xx" --include_path="H:/epaper/1027_new/EPD Extension Board v2.00 add G2_1201/EPD Extension Board v2.00 add G2/MSP-EXP430F5529_Grlib_Example" --include_path="H:/epaper/1027_new/EPD Extension Board v2.00 add G2_1201/EPD Extension Board v2.00 add G2/MSP-EXP430F5529_Grlib_Example/grlib" --include_path="H:/epaper/1027_new/EPD Extension Board v2.00 add G2_1201/EPD Extension Board v2.00 add G2/MSP-EXP430F5529_Grlib_Example/fonts" --advice:power="none" -g --define=__MSP430F5529__ --diag_warning=225 --display_error_number --diag_wrap=off --silicon_errata=CPU21 --silicon_errata=CPU22 --silicon_errata=CPU23 --silicon_errata=CPU40 --large_memory_model --printf_support=minimal --preproc_with_compile --preproc_dependency="grlib/line.pp" --obj_directory="grlib"  "../grlib/line.c"
'Finished building: ../grlib/line.c'
' '
'Building file: ../grlib/rectangle.c'
'Invoking: MSP430 Compiler'
"E:/ti/ccsv6/tools/compiler/msp430_4.3.5/bin/cl430" -vmspx --abi=eabi --data_model=restricted -O3 --include_path="E:/ti/ccsv6/ccs_base/msp430/include" --include_path="E:/ti/ccsv6/tools/compiler/msp430_4.3.5/include" --include_path="H:/epaper/1027_new/EPD Extension Board v2.00 add G2_1201/EPD Extension Board v2.00 add G2/MSP-EXP430F5529_Grlib_Example/driverlib/MSP430F5xx_6xx" --include_path="H:/epaper/1027_new/EPD Extension Board v2.00 add G2_1201/EPD Extension Board v2.00 add G2/MSP-EXP430F5529_Grlib_Example" --include_path="H:/epaper/1027_new/EPD Extension Board v2.00 add G2_1201/EPD Extension Board v2.00 add G2/MSP-EXP430F5529_Grlib_Example/grlib" --include_path="H:/epaper/1027_new/EPD Extension Board v2.00 add G2_1201/EPD Extension Board v2.00 add G2/MSP-EXP430F5529_Grlib_Example/fonts" --advice:power="none" -g --define=__MSP430F5529__ --diag_warning=225 --display_error_number --diag_wrap=off --silicon_errata=CPU21 --silicon_errata=CPU22 --silicon_errata=CPU23 --silicon_errata=CPU40 --large_memory_model --printf_support=minimal --preproc_with_compile --preproc_dependency="grlib/rectangle.pp" --obj_directory="grlib"  "../grlib/rectangle.c"
'Finished building: ../grlib/rectangle.c'
' '
'Building file: ../grlib/string.c'
'Invoking: MSP430 Compiler'
"E:/ti/ccsv6/tools/compiler/msp430_4.3.5/bin/cl430" -vmspx --abi=eabi --data_model=restricted -O3 --include_path="E:/ti/ccsv6/ccs_base/msp430/include" --include_path="E:/ti/ccsv6/tools/compiler/msp430_4.3.5/include" --include_path="H:/epaper/1027_new/EPD Extension Board v2.00 add G2_1201/EPD Extension Board v2.00 add G2/MSP-EXP430F5529_Grlib_Example/driverlib/MSP430F5xx_6xx" --include_path="H:/epaper/1027_new/EPD Extension Board v2.00 add G2_1201/EPD Extension Board v2.00 add G2/MSP-EXP430F5529_Grlib_Example" --include_path="H:/epaper/1027_new/EPD Extension Board v2.00 add G2_1201/EPD Extension Board v2.00 add G2/MSP-EXP430F5529_Grlib_Example/grlib" --include_path="H:/epaper/1027_new/EPD Extension Board v2.00 add G2_1201/EPD Extension Board v2.00 add G2/MSP-EXP430F5529_Grlib_Example/fonts" --advice:power="none" -g --define=__MSP430F5529__ --diag_warning=225 --display_error_number --diag_wrap=off --silicon_errata=CPU21 --silicon_errata=CPU22 --silicon_errata=CPU23 --silicon_errata=CPU40 --large_memory_model --printf_support=minimal --preproc_with_compile --preproc_dependency="grlib/string.pp" --obj_directory="grlib"  "../grlib/string.c"
'Finished building: ../grlib/string.c'
' '
'Building file: ../fonts/fontfixed6x8.c'
'Invoking: MSP430 Compiler'
"E:/ti/ccsv6/tools/compiler/msp430_4.3.5/bin/cl430" -vmspx --abi=eabi --data_model=restricted -O3 --include_path="E:/ti/ccsv6/ccs_base/msp430/include" --include_path="E:/ti/ccsv6/tools/compiler/msp430_4.3.5/include" --include_path="H:/epaper/1027_new/EPD Extension Board v2.00 add G2_1201/EPD Extension Board v2.00 add G2/MSP-EXP430F5529_Grlib_Example/driverlib/MSP430F5xx_6xx" --include_path="H:/epaper/1027_new/EPD Extension Board v2.00 add G2_1201/EPD Extension Board v2.00 add G2/MSP-EXP430F5529_Grlib_Example" --include_path="H:/epaper/1027_new/EPD Extension Board v2.00 add G2_1201/EPD Extension Board v2.00 add G2/MSP-EXP430F5529_Grlib_Example/grlib" --include_path="H:/epaper/1027_new/EPD Extension Board v2.00 add G2_1201/EPD Extension Board v2.00 add G2/MSP-EXP430F5529_Grlib_Example/fonts" --advice:power="none" -g --define=__MSP430F5529__ --diag_warning=225 --display_error_number --diag_wrap=off --silicon_errata=CPU21 --silicon_errata=CPU22 --silicon_errata=CPU23 --silicon_errata=CPU40 --large_memory_model --printf_support=minimal --preproc_with_compile --preproc_dependency="fonts/fontfixed6x8.pp" --obj_directory="fonts"  "../fonts/fontfixed6x8.c"
'Finished building: ../fonts/fontfixed6x8.c'
' '
'Building file: ../driverlib/MSP430F5xx_6xx/adc10_a.c'
'Invoking: MSP430 Compiler'
"E:/ti/ccsv6/tools/compiler/msp430_4.3.5/bin/cl430" -vmspx --abi=eabi --data_model=restricted -O3 --include_path="E:/ti/ccsv6/ccs_base/msp430/include" --include_path="E:/ti/ccsv6/tools/compiler/msp430_4.3.5/include" --include_path="H:/epaper/1027_new/EPD Extension Board v2.00 add G2_1201/EPD Extension Board v2.00 add G2/MSP-EXP430F5529_Grlib_Example/driverlib/MSP430F5xx_6xx" --include_path="H:/epaper/1027_new/EPD Extension Board v2.00 add G2_1201/EPD Extension Board v2.00 add G2/MSP-EXP430F5529_Grlib_Example" --include_path="H:/epaper/1027_new/EPD Extension Board v2.00 add G2_1201/EPD Extension Board v2.00 add G2/MSP-EXP430F5529_Grlib_Example/grlib" --include_path="H:/epaper/1027_new/EPD Extension Board v2.00 add G2_1201/EPD Extension Board v2.00 add G2/MSP-EXP430F5529_Grlib_Example/fonts" --advice:power="none" -g --define=__MSP430F5529__ --diag_warning=225 --display_error_number --diag_wrap=off --silicon_errata=CPU21 --silicon_errata=CPU22 --silicon_errata=CPU23 --silicon_errata=CPU40 --large_memory_model --printf_support=minimal --preproc_with_compile --preproc_dependency="driverlib/MSP430F5xx_6xx/adc10_a.pp" --obj_directory="driverlib/MSP430F5xx_6xx"  "../driverlib/MSP430F5xx_6xx/adc10_a.c"
'Finished building: ../driverlib/MSP430F5xx_6xx/adc10_a.c'
' '
'Building file: ../driverlib/MSP430F5xx_6xx/adc12_a.c'
'Invoking: MSP430 Compiler'
"E:/ti/ccsv6/tools/compiler/msp430_4.3.5/bin/cl430" -vmspx --abi=eabi --data_model=restricted -O3 --include_path="E:/ti/ccsv6/ccs_base/msp430/include" --include_path="E:/ti/ccsv6/tools/compiler/msp430_4.3.5/include" --include_path="H:/epaper/1027_new/EPD Extension Board v2.00 add G2_1201/EPD Extension Board v2.00 add G2/MSP-EXP430F5529_Grlib_Example/driverlib/MSP430F5xx_6xx" --include_path="H:/epaper/1027_new/EPD Extension Board v2.00 add G2_1201/EPD Extension Board v2.00 add G2/MSP-EXP430F5529_Grlib_Example" --include_path="H:/epaper/1027_new/EPD Extension Board v2.00 add G2_1201/EPD Extension Board v2.00 add G2/MSP-EXP430F5529_Grlib_Example/grlib" --include_path="H:/epaper/1027_new/EPD Extension Board v2.00 add G2_1201/EPD Extension Board v2.00 add G2/MSP-EXP430F5529_Grlib_Example/fonts" --advice:power="none" -g --define=__MSP430F5529__ --diag_warning=225 --display_error_number --diag_wrap=off --silicon_errata=CPU21 --silicon_errata=CPU22 --silicon_errata=CPU23 --silicon_errata=CPU40 --large_memory_model --printf_support=minimal --preproc_with_compile --preproc_dependency="driverlib/MSP430F5xx_6xx/adc12_a.pp" --obj_directory="driverlib/MSP430F5xx_6xx"  "../driverlib/MSP430F5xx_6xx/adc12_a.c"
'Finished building: ../driverlib/MSP430F5xx_6xx/adc12_a.c'
' '
'Building file: ../driverlib/MSP430F5xx_6xx/aes.c'
'Invoking: MSP430 Compiler'
"E:/ti/ccsv6/tools/compiler/msp430_4.3.5/bin/cl430" -vmspx --abi=eabi --data_model=restricted -O3 --include_path="E:/ti/ccsv6/ccs_base/msp430/include" --include_path="E:/ti/ccsv6/tools/compiler/msp430_4.3.5/include" --include_path="H:/epaper/1027_new/EPD Extension Board v2.00 add G2_1201/EPD Extension Board v2.00 add G2/MSP-EXP430F5529_Grlib_Example/driverlib/MSP430F5xx_6xx" --include_path="H:/epaper/1027_new/EPD Extension Board v2.00 add G2_1201/EPD Extension Board v2.00 add G2/MSP-EXP430F5529_Grlib_Example" --include_path="H:/epaper/1027_new/EPD Extension Board v2.00 add G2_1201/EPD Extension Board v2.00 add G2/MSP-EXP430F5529_Grlib_Example/grlib" --include_path="H:/epaper/1027_new/EPD Extension Board v2.00 add G2_1201/EPD Extension Board v2.00 add G2/MSP-EXP430F5529_Grlib_Example/fonts" --advice:power="none" -g --define=__MSP430F5529__ --diag_warning=225 --display_error_number --diag_wrap=off --silicon_errata=CPU21 --silicon_errata=CPU22 --silicon_errata=CPU23 --silicon_errata=CPU40 --large_memory_model --printf_support=minimal --preproc_with_compile --preproc_dependency="driverlib/MSP430F5xx_6xx/aes.pp" --obj_directory="driverlib/MSP430F5xx_6xx"  "../driverlib/MSP430F5xx_6xx/aes.c"
'Finished building: ../driverlib/MSP430F5xx_6xx/aes.c'
' '
'Building file: ../driverlib/MSP430F5xx_6xx/bak_batt.c'
'Invoking: MSP430 Compiler'
"E:/ti/ccsv6/tools/compiler/msp430_4.3.5/bin/cl430" -vmspx --abi=eabi --data_model=restricted -O3 --include_path="E:/ti/ccsv6/ccs_base/msp430/include" --include_path="E:/ti/ccsv6/tools/compiler/msp430_4.3.5/include" --include_path="H:/epaper/1027_new/EPD Extension Board v2.00 add G2_1201/EPD Extension Board v2.00 add G2/MSP-EXP430F5529_Grlib_Example/driverlib/MSP430F5xx_6xx" --include_path="H:/epaper/1027_new/EPD Extension Board v2.00 add G2_1201/EPD Extension Board v2.00 add G2/MSP-EXP430F5529_Grlib_Example" --include_path="H:/epaper/1027_new/EPD Extension Board v2.00 add G2_1201/EPD Extension Board v2.00 add G2/MSP-EXP430F5529_Grlib_Example/grlib" --include_path="H:/epaper/1027_new/EPD Extension Board v2.00 add G2_1201/EPD Extension Board v2.00 add G2/MSP-EXP430F5529_Grlib_Example/fonts" --advice:power="none" -g --define=__MSP430F5529__ --diag_warning=225 --display_error_number --diag_wrap=off --silicon_errata=CPU21 --silicon_errata=CPU22 --silicon_errata=CPU23 --silicon_errata=CPU40 --large_memory_model --printf_support=minimal --preproc_with_compile --preproc_dependency="driverlib/MSP430F5xx_6xx/bak_batt.pp" --obj_directory="driverlib/MSP430F5xx_6xx"  "../driverlib/MSP430F5xx_6xx/bak_batt.c"
'Finished building: ../driverlib/MSP430F5xx_6xx/bak_batt.c'
' '
'Building file: ../driverlib/MSP430F5xx_6xx/comp_b.c'
'Invoking: MSP430 Compiler'
"E:/ti/ccsv6/tools/compiler/msp430_4.3.5/bin/cl430" -vmspx --abi=eabi --data_model=restricted -O3 --include_path="E:/ti/ccsv6/ccs_base/msp430/include" --include_path="E:/ti/ccsv6/tools/compiler/msp430_4.3.5/include" --include_path="H:/epaper/1027_new/EPD Extension Board v2.00 add G2_1201/EPD Extension Board v2.00 add G2/MSP-EXP430F5529_Grlib_Example/driverlib/MSP430F5xx_6xx" --include_path="H:/epaper/1027_new/EPD Extension Board v2.00 add G2_1201/EPD Extension Board v2.00 add G2/MSP-EXP430F5529_Grlib_Example" --include_path="H:/epaper/1027_new/EPD Extension Board v2.00 add G2_1201/EPD Extension Board v2.00 add G2/MSP-EXP430F5529_Grlib_Example/grlib" --include_path="H:/epaper/1027_new/EPD Extension Board v2.00 add G2_1201/EPD Extension Board v2.00 add G2/MSP-EXP430F5529_Grlib_Example/fonts" --advice:power="none" -g --define=__MSP430F5529__ --diag_warning=225 --display_error_number --diag_wrap=off --silicon_errata=CPU21 --silicon_errata=CPU22 --silicon_errata=CPU23 --silicon_errata=CPU40 --large_memory_model --printf_support=minimal --preproc_with_compile --preproc_dependency="driverlib/MSP430F5xx_6xx/comp_b.pp" --obj_directory="driverlib/MSP430F5xx_6xx"  "../driverlib/MSP430F5xx_6xx/comp_b.c"
'Finished building: ../driverlib/MSP430F5xx_6xx/comp_b.c'
' '
'Building file: ../driverlib/MSP430F5xx_6xx/crc.c'
'Invoking: MSP430 Compiler'
"E:/ti/ccsv6/tools/compiler/msp430_4.3.5/bin/cl430" -vmspx --abi=eabi --data_model=restricted -O3 --include_path="E:/ti/ccsv6/ccs_base/msp430/include" --include_path="E:/ti/ccsv6/tools/compiler/msp430_4.3.5/include" --include_path="H:/epaper/1027_new/EPD Extension Board v2.00 add G2_1201/EPD Extension Board v2.00 add G2/MSP-EXP430F5529_Grlib_Example/driverlib/MSP430F5xx_6xx" --include_path="H:/epaper/1027_new/EPD Extension Board v2.00 add G2_1201/EPD Extension Board v2.00 add G2/MSP-EXP430F5529_Grlib_Example" --include_path="H:/epaper/1027_new/EPD Extension Board v2.00 add G2_1201/EPD Extension Board v2.00 add G2/MSP-EXP430F5529_Grlib_Example/grlib" --include_path="H:/epaper/1027_new/EPD Extension Board v2.00 add G2_1201/EPD Extension Board v2.00 add G2/MSP-EXP430F5529_Grlib_Example/fonts" --advice:power="none" -g --define=__MSP430F5529__ --diag_warning=225 --display_error_number --diag_wrap=off --silicon_errata=CPU21 --silicon_errata=CPU22 --silicon_errata=CPU23 --silicon_errata=CPU40 --large_memory_model --printf_support=minimal --preproc_with_compile --preproc_dependency="driverlib/MSP430F5xx_6xx/crc.pp" --obj_directory="driverlib/MSP430F5xx_6xx"  "../driverlib/MSP430F5xx_6xx/crc.c"
'Finished building: ../driverlib/MSP430F5xx_6xx/crc.c'
' '
'Building file: ../driverlib/MSP430F5xx_6xx/dac12_a.c'
'Invoking: MSP430 Compiler'
"E:/ti/ccsv6/tools/compiler/msp430_4.3.5/bin/cl430" -vmspx --abi=eabi --data_model=restricted -O3 --include_path="E:/ti/ccsv6/ccs_base/msp430/include" --include_path="E:/ti/ccsv6/tools/compiler/msp430_4.3.5/include" --include_path="H:/epaper/1027_new/EPD Extension Board v2.00 add G2_1201/EPD Extension Board v2.00 add G2/MSP-EXP430F5529_Grlib_Example/driverlib/MSP430F5xx_6xx" --include_path="H:/epaper/1027_new/EPD Extension Board v2.00 add G2_1201/EPD Extension Board v2.00 add G2/MSP-EXP430F5529_Grlib_Example" --include_path="H:/epaper/1027_new/EPD Extension Board v2.00 add G2_1201/EPD Extension Board v2.00 add G2/MSP-EXP430F5529_Grlib_Example/grlib" --include_path="H:/epaper/1027_new/EPD Extension Board v2.00 add G2_1201/EPD Extension Board v2.00 add G2/MSP-EXP430F5529_Grlib_Example/fonts" --advice:power="none" -g --define=__MSP430F5529__ --diag_warning=225 --display_error_number --diag_wrap=off --silicon_errata=CPU21 --silicon_errata=CPU22 --silicon_errata=CPU23 --silicon_errata=CPU40 --large_memory_model --printf_support=minimal --preproc_with_compile --preproc_dependency="driverlib/MSP430F5xx_6xx/dac12_a.pp" --obj_directory="driverlib/MSP430F5xx_6xx"  "../driverlib/MSP430F5xx_6xx/dac12_a.c"
'Finished building: ../driverlib/MSP430F5xx_6xx/dac12_a.c'
' '
'Building file: ../driverlib/MSP430F5xx_6xx/dma.c'
'Invoking: MSP430 Compiler'
"E:/ti/ccsv6/tools/compiler/msp430_4.3.5/bin/cl430" -vmspx --abi=eabi --data_model=restricted -O3 --include_path="E:/ti/ccsv6/ccs_base/msp430/include" --include_path="E:/ti/ccsv6/tools/compiler/msp430_4.3.5/include" --include_path="H:/epaper/1027_new/EPD Extension Board v2.00 add G2_1201/EPD Extension Board v2.00 add G2/MSP-EXP430F5529_Grlib_Example/driverlib/MSP430F5xx_6xx" --include_path="H:/epaper/1027_new/EPD Extension Board v2.00 add G2_1201/EPD Extension Board v2.00 add G2/MSP-EXP430F5529_Grlib_Example" --include_path="H:/epaper/1027_new/EPD Extension Board v2.00 add G2_1201/EPD Extension Board v2.00 add G2/MSP-EXP430F5529_Grlib_Example/grlib" --include_path="H:/epaper/1027_new/EPD Extension Board v2.00 add G2_1201/EPD Extension Board v2.00 add G2/MSP-EXP430F5529_Grlib_Example/fonts" --advice:power="none" -g --define=__MSP430F5529__ --diag_warning=225 --display_error_number --diag_wrap=off --silicon_errata=CPU21 --silicon_errata=CPU22 --silicon_errata=CPU23 --silicon_errata=CPU40 --large_memory_model --printf_support=minimal --preproc_with_compile --preproc_dependency="driverlib/MSP430F5xx_6xx/dma.pp" --obj_directory="driverlib/MSP430F5xx_6xx"  "../driverlib/MSP430F5xx_6xx/dma.c"
'Finished building: ../driverlib/MSP430F5xx_6xx/dma.c'
' '
'Building file: ../driverlib/MSP430F5xx_6xx/eusci_a_spi.c'
'Invoking: MSP430 Compiler'
"E:/ti/ccsv6/tools/compiler/msp430_4.3.5/bin/cl430" -vmspx --abi=eabi --data_model=restricted -O3 --include_path="E:/ti/ccsv6/ccs_base/msp430/include" --include_path="E:/ti/ccsv6/tools/compiler/msp430_4.3.5/include" --include_path="H:/epaper/1027_new/EPD Extension Board v2.00 add G2_1201/EPD Extension Board v2.00 add G2/MSP-EXP430F5529_Grlib_Example/driverlib/MSP430F5xx_6xx" --include_path="H:/epaper/1027_new/EPD Extension Board v2.00 add G2_1201/EPD Extension Board v2.00 add G2/MSP-EXP430F5529_Grlib_Example" --include_path="H:/epaper/1027_new/EPD Extension Board v2.00 add G2_1201/EPD Extension Board v2.00 add G2/MSP-EXP430F5529_Grlib_Example/grlib" --include_path="H:/epaper/1027_new/EPD Extension Board v2.00 add G2_1201/EPD Extension Board v2.00 add G2/MSP-EXP430F5529_Grlib_Example/fonts" --advice:power="none" -g --define=__MSP430F5529__ --diag_warning=225 --display_error_number --diag_wrap=off --silicon_errata=CPU21 --silicon_errata=CPU22 --silicon_errata=CPU23 --silicon_errata=CPU40 --large_memory_model --printf_support=minimal --preproc_with_compile --preproc_dependency="driverlib/MSP430F5xx_6xx/eusci_a_spi.pp" --obj_directory="driverlib/MSP430F5xx_6xx"  "../driverlib/MSP430F5xx_6xx/eusci_a_spi.c"
'Finished building: ../driverlib/MSP430F5xx_6xx/eusci_a_spi.c'
' '
'Building file: ../driverlib/MSP430F5xx_6xx/eusci_a_uart.c'
'Invoking: MSP430 Compiler'
"E:/ti/ccsv6/tools/compiler/msp430_4.3.5/bin/cl430" -vmspx --abi=eabi --data_model=restricted -O3 --include_path="E:/ti/ccsv6/ccs_base/msp430/include" --include_path="E:/ti/ccsv6/tools/compiler/msp430_4.3.5/include" --include_path="H:/epaper/1027_new/EPD Extension Board v2.00 add G2_1201/EPD Extension Board v2.00 add G2/MSP-EXP430F5529_Grlib_Example/driverlib/MSP430F5xx_6xx" --include_path="H:/epaper/1027_new/EPD Extension Board v2.00 add G2_1201/EPD Extension Board v2.00 add G2/MSP-EXP430F5529_Grlib_Example" --include_path="H:/epaper/1027_new/EPD Extension Board v2.00 add G2_1201/EPD Extension Board v2.00 add G2/MSP-EXP430F5529_Grlib_Example/grlib" --include_path="H:/epaper/1027_new/EPD Extension Board v2.00 add G2_1201/EPD Extension Board v2.00 add G2/MSP-EXP430F5529_Grlib_Example/fonts" --advice:power="none" -g --define=__MSP430F5529__ --diag_warning=225 --display_error_number --diag_wrap=off --silicon_errata=CPU21 --silicon_errata=CPU22 --silicon_errata=CPU23 --silicon_errata=CPU40 --large_memory_model --printf_support=minimal --preproc_with_compile --preproc_dependency="driverlib/MSP430F5xx_6xx/eusci_a_uart.pp" --obj_directory="driverlib/MSP430F5xx_6xx"  "../driverlib/MSP430F5xx_6xx/eusci_a_uart.c"
'Finished building: ../driverlib/MSP430F5xx_6xx/eusci_a_uart.c'
' '
'Building file: ../driverlib/MSP430F5xx_6xx/eusci_b_i2c.c'
'Invoking: MSP430 Compiler'
"E:/ti/ccsv6/tools/compiler/msp430_4.3.5/bin/cl430" -vmspx --abi=eabi --data_model=restricted -O3 --include_path="E:/ti/ccsv6/ccs_base/msp430/include" --include_path="E:/ti/ccsv6/tools/compiler/msp430_4.3.5/include" --include_path="H:/epaper/1027_new/EPD Extension Board v2.00 add G2_1201/EPD Extension Board v2.00 add G2/MSP-EXP430F5529_Grlib_Example/driverlib/MSP430F5xx_6xx" --include_path="H:/epaper/1027_new/EPD Extension Board v2.00 add G2_1201/EPD Extension Board v2.00 add G2/MSP-EXP430F5529_Grlib_Example" --include_path="H:/epaper/1027_new/EPD Extension Board v2.00 add G2_1201/EPD Extension Board v2.00 add G2/MSP-EXP430F5529_Grlib_Example/grlib" --include_path="H:/epaper/1027_new/EPD Extension Board v2.00 add G2_1201/EPD Extension Board v2.00 add G2/MSP-EXP430F5529_Grlib_Example/fonts" --advice:power="none" -g --define=__MSP430F5529__ --diag_warning=225 --display_error_number --diag_wrap=off --silicon_errata=CPU21 --silicon_errata=CPU22 --silicon_errata=CPU23 --silicon_errata=CPU40 --large_memory_model --printf_support=minimal --preproc_with_compile --preproc_dependency="driverlib/MSP430F5xx_6xx/eusci_b_i2c.pp" --obj_directory="driverlib/MSP430F5xx_6xx"  "../driverlib/MSP430F5xx_6xx/eusci_b_i2c.c"
'Finished building: ../driverlib/MSP430F5xx_6xx/eusci_b_i2c.c'
' '
'Building file: ../driverlib/MSP430F5xx_6xx/eusci_b_spi.c'
'Invoking: MSP430 Compiler'
"E:/ti/ccsv6/tools/compiler/msp430_4.3.5/bin/cl430" -vmspx --abi=eabi --data_model=restricted -O3 --include_path="E:/ti/ccsv6/ccs_base/msp430/include" --include_path="E:/ti/ccsv6/tools/compiler/msp430_4.3.5/include" --include_path="H:/epaper/1027_new/EPD Extension Board v2.00 add G2_1201/EPD Extension Board v2.00 add G2/MSP-EXP430F5529_Grlib_Example/driverlib/MSP430F5xx_6xx" --include_path="H:/epaper/1027_new/EPD Extension Board v2.00 add G2_1201/EPD Extension Board v2.00 add G2/MSP-EXP430F5529_Grlib_Example" --include_path="H:/epaper/1027_new/EPD Extension Board v2.00 add G2_1201/EPD Extension Board v2.00 add G2/MSP-EXP430F5529_Grlib_Example/grlib" --include_path="H:/epaper/1027_new/EPD Extension Board v2.00 add G2_1201/EPD Extension Board v2.00 add G2/MSP-EXP430F5529_Grlib_Example/fonts" --advice:power="none" -g --define=__MSP430F5529__ --diag_warning=225 --display_error_number --diag_wrap=off --silicon_errata=CPU21 --silicon_errata=CPU22 --silicon_errata=CPU23 --silicon_errata=CPU40 --large_memory_model --printf_support=minimal --preproc_with_compile --preproc_dependency="driverlib/MSP430F5xx_6xx/eusci_b_spi.pp" --obj_directory="driverlib/MSP430F5xx_6xx"  "../driverlib/MSP430F5xx_6xx/eusci_b_spi.c"
'Finished building: ../driverlib/MSP430F5xx_6xx/eusci_b_spi.c'
' '
'Building file: ../driverlib/MSP430F5xx_6xx/eusci_i2c.c'
'Invoking: MSP430 Compiler'
"E:/ti/ccsv6/tools/compiler/msp430_4.3.5/bin/cl430" -vmspx --abi=eabi --data_model=restricted -O3 --include_path="E:/ti/ccsv6/ccs_base/msp430/include" --include_path="E:/ti/ccsv6/tools/compiler/msp430_4.3.5/include" --include_path="H:/epaper/1027_new/EPD Extension Board v2.00 add G2_1201/EPD Extension Board v2.00 add G2/MSP-EXP430F5529_Grlib_Example/driverlib/MSP430F5xx_6xx" --include_path="H:/epaper/1027_new/EPD Extension Board v2.00 add G2_1201/EPD Extension Board v2.00 add G2/MSP-EXP430F5529_Grlib_Example" --include_path="H:/epaper/1027_new/EPD Extension Board v2.00 add G2_1201/EPD Extension Board v2.00 add G2/MSP-EXP430F5529_Grlib_Example/grlib" --include_path="H:/epaper/1027_new/EPD Extension Board v2.00 add G2_1201/EPD Extension Board v2.00 add G2/MSP-EXP430F5529_Grlib_Example/fonts" --advice:power="none" -g --define=__MSP430F5529__ --diag_warning=225 --display_error_number --diag_wrap=off --silicon_errata=CPU21 --silicon_errata=CPU22 --silicon_errata=CPU23 --silicon_errata=CPU40 --large_memory_model --printf_support=minimal --preproc_with_compile --preproc_dependency="driverlib/MSP430F5xx_6xx/eusci_i2c.pp" --obj_directory="driverlib/MSP430F5xx_6xx"  "../driverlib/MSP430F5xx_6xx/eusci_i2c.c"
'Finished building: ../driverlib/MSP430F5xx_6xx/eusci_i2c.c'
' '
'Building file: ../driverlib/MSP430F5xx_6xx/eusci_spi.c'
'Invoking: MSP430 Compiler'
"E:/ti/ccsv6/tools/compiler/msp430_4.3.5/bin/cl430" -vmspx --abi=eabi --data_model=restricted -O3 --include_path="E:/ti/ccsv6/ccs_base/msp430/include" --include_path="E:/ti/ccsv6/tools/compiler/msp430_4.3.5/include" --include_path="H:/epaper/1027_new/EPD Extension Board v2.00 add G2_1201/EPD Extension Board v2.00 add G2/MSP-EXP430F5529_Grlib_Example/driverlib/MSP430F5xx_6xx" --include_path="H:/epaper/1027_new/EPD Extension Board v2.00 add G2_1201/EPD Extension Board v2.00 add G2/MSP-EXP430F5529_Grlib_Example" --include_path="H:/epaper/1027_new/EPD Extension Board v2.00 add G2_1201/EPD Extension Board v2.00 add G2/MSP-EXP430F5529_Grlib_Example/grlib" --include_path="H:/epaper/1027_new/EPD Extension Board v2.00 add G2_1201/EPD Extension Board v2.00 add G2/MSP-EXP430F5529_Grlib_Example/fonts" --advice:power="none" -g --define=__MSP430F5529__ --diag_warning=225 --display_error_number --diag_wrap=off --silicon_errata=CPU21 --silicon_errata=CPU22 --silicon_errata=CPU23 --silicon_errata=CPU40 --large_memory_model --printf_support=minimal --preproc_with_compile --preproc_dependency="driverlib/MSP430F5xx_6xx/eusci_spi.pp" --obj_directory="driverlib/MSP430F5xx_6xx"  "../driverlib/MSP430F5xx_6xx/eusci_spi.c"
'Finished building: ../driverlib/MSP430F5xx_6xx/eusci_spi.c'
' '
'Building file: ../driverlib/MSP430F5xx_6xx/eusci_uart.c'
'Invoking: MSP430 Compiler'
"E:/ti/ccsv6/tools/compiler/msp430_4.3.5/bin/cl430" -vmspx --abi=eabi --data_model=restricted -O3 --include_path="E:/ti/ccsv6/ccs_base/msp430/include" --include_path="E:/ti/ccsv6/tools/compiler/msp430_4.3.5/include" --include_path="H:/epaper/1027_new/EPD Extension Board v2.00 add G2_1201/EPD Extension Board v2.00 add G2/MSP-EXP430F5529_Grlib_Example/driverlib/MSP430F5xx_6xx" --include_path="H:/epaper/1027_new/EPD Extension Board v2.00 add G2_1201/EPD Extension Board v2.00 add G2/MSP-EXP430F5529_Grlib_Example" --include_path="H:/epaper/1027_new/EPD Extension Board v2.00 add G2_1201/EPD Extension Board v2.00 add G2/MSP-EXP430F5529_Grlib_Example/grlib" --include_path="H:/epaper/1027_new/EPD Extension Board v2.00 add G2_1201/EPD Extension Board v2.00 add G2/MSP-EXP430F5529_Grlib_Example/fonts" --advice:power="none" -g --define=__MSP430F5529__ --diag_warning=225 --display_error_number --diag_wrap=off --silicon_errata=CPU21 --silicon_errata=CPU22 --silicon_errata=CPU23 --silicon_errata=CPU40 --large_memory_model --printf_support=minimal --preproc_with_compile --preproc_dependency="driverlib/MSP430F5xx_6xx/eusci_uart.pp" --obj_directory="driverlib/MSP430F5xx_6xx"  "../driverlib/MSP430F5xx_6xx/eusci_uart.c"
'Finished building: ../driverlib/MSP430F5xx_6xx/eusci_uart.c'
' '
'Building file: ../driverlib/MSP430F5xx_6xx/flash.c'
'Invoking: MSP430 Compiler'
"E:/ti/ccsv6/tools/compiler/msp430_4.3.5/bin/cl430" -vmspx --abi=eabi --data_model=restricted -O3 --include_path="E:/ti/ccsv6/ccs_base/msp430/include" --include_path="E:/ti/ccsv6/tools/compiler/msp430_4.3.5/include" --include_path="H:/epaper/1027_new/EPD Extension Board v2.00 add G2_1201/EPD Extension Board v2.00 add G2/MSP-EXP430F5529_Grlib_Example/driverlib/MSP430F5xx_6xx" --include_path="H:/epaper/1027_new/EPD Extension Board v2.00 add G2_1201/EPD Extension Board v2.00 add G2/MSP-EXP430F5529_Grlib_Example" --include_path="H:/epaper/1027_new/EPD Extension Board v2.00 add G2_1201/EPD Extension Board v2.00 add G2/MSP-EXP430F5529_Grlib_Example/grlib" --include_path="H:/epaper/1027_new/EPD Extension Board v2.00 add G2_1201/EPD Extension Board v2.00 add G2/MSP-EXP430F5529_Grlib_Example/fonts" --advice:power="none" -g --define=__MSP430F5529__ --diag_warning=225 --display_error_number --diag_wrap=off --silicon_errata=CPU21 --silicon_errata=CPU22 --silicon_errata=CPU23 --silicon_errata=CPU40 --large_memory_model --printf_support=minimal --preproc_with_compile --preproc_dependency="driverlib/MSP430F5xx_6xx/flash.pp" --obj_directory="driverlib/MSP430F5xx_6xx"  "../driverlib/MSP430F5xx_6xx/flash.c"
'Finished building: ../driverlib/MSP430F5xx_6xx/flash.c'
' '
'Building file: ../driverlib/MSP430F5xx_6xx/gpio.c'
'Invoking: MSP430 Compiler'
"E:/ti/ccsv6/tools/compiler/msp430_4.3.5/bin/cl430" -vmspx --abi=eabi --data_model=restricted -O3 --include_path="E:/ti/ccsv6/ccs_base/msp430/include" --include_path="E:/ti/ccsv6/tools/compiler/msp430_4.3.5/include" --include_path="H:/epaper/1027_new/EPD Extension Board v2.00 add G2_1201/EPD Extension Board v2.00 add G2/MSP-EXP430F5529_Grlib_Example/driverlib/MSP430F5xx_6xx" --include_path="H:/epaper/1027_new/EPD Extension Board v2.00 add G2_1201/EPD Extension Board v2.00 add G2/MSP-EXP430F5529_Grlib_Example" --include_path="H:/epaper/1027_new/EPD Extension Board v2.00 add G2_1201/EPD Extension Board v2.00 add G2/MSP-EXP430F5529_Grlib_Example/grlib" --include_path="H:/epaper/1027_new/EPD Extension Board v2.00 add G2_1201/EPD Extension Board v2.00 add G2/MSP-EXP430F5529_Grlib_Example/fonts" --advice:power="none" -g --define=__MSP430F5529__ --diag_warning=225 --display_error_number --diag_wrap=off --silicon_errata=CPU21 --silicon_errata=CPU22 --silicon_errata=CPU23 --silicon_errata=CPU40 --large_memory_model --printf_support=minimal --preproc_with_compile --preproc_dependency="driverlib/MSP430F5xx_6xx/gpio.pp" --obj_directory="driverlib/MSP430F5xx_6xx"  "../driverlib/MSP430F5xx_6xx/gpio.c"
'Finished building: ../driverlib/MSP430F5xx_6xx/gpio.c'
' '
'Building file: ../driverlib/MSP430F5xx_6xx/ldopwr.c'
'Invoking: MSP430 Compiler'
"E:/ti/ccsv6/tools/compiler/msp430_4.3.5/bin/cl430" -vmspx --abi=eabi --data_model=restricted -O3 --include_path="E:/ti/ccsv6/ccs_base/msp430/include" --include_path="E:/ti/ccsv6/tools/compiler/msp430_4.3.5/include" --include_path="H:/epaper/1027_new/EPD Extension Board v2.00 add G2_1201/EPD Extension Board v2.00 add G2/MSP-EXP430F5529_Grlib_Example/driverlib/MSP430F5xx_6xx" --include_path="H:/epaper/1027_new/EPD Extension Board v2.00 add G2_1201/EPD Extension Board v2.00 add G2/MSP-EXP430F5529_Grlib_Example" --include_path="H:/epaper/1027_new/EPD Extension Board v2.00 add G2_1201/EPD Extension Board v2.00 add G2/MSP-EXP430F5529_Grlib_Example/grlib" --include_path="H:/epaper/1027_new/EPD Extension Board v2.00 add G2_1201/EPD Extension Board v2.00 add G2/MSP-EXP430F5529_Grlib_Example/fonts" --advice:power="none" -g --define=__MSP430F5529__ --diag_warning=225 --display_error_number --diag_wrap=off --silicon_errata=CPU21 --silicon_errata=CPU22 --silicon_errata=CPU23 --silicon_errata=CPU40 --large_memory_model --printf_support=minimal --preproc_with_compile --preproc_dependency="driverlib/MSP430F5xx_6xx/ldopwr.pp" --obj_directory="driverlib/MSP430F5xx_6xx"  "../driverlib/MSP430F5xx_6xx/ldopwr.c"
'Finished building: ../driverlib/MSP430F5xx_6xx/ldopwr.c'
' '
'Building file: ../driverlib/MSP430F5xx_6xx/mpy32.c'
'Invoking: MSP430 Compiler'
"E:/ti/ccsv6/tools/compiler/msp430_4.3.5/bin/cl430" -vmspx --abi=eabi --data_model=restricted -O3 --include_path="E:/ti/ccsv6/ccs_base/msp430/include" --include_path="E:/ti/ccsv6/tools/compiler/msp430_4.3.5/include" --include_path="H:/epaper/1027_new/EPD Extension Board v2.00 add G2_1201/EPD Extension Board v2.00 add G2/MSP-EXP430F5529_Grlib_Example/driverlib/MSP430F5xx_6xx" --include_path="H:/epaper/1027_new/EPD Extension Board v2.00 add G2_1201/EPD Extension Board v2.00 add G2/MSP-EXP430F5529_Grlib_Example" --include_path="H:/epaper/1027_new/EPD Extension Board v2.00 add G2_1201/EPD Extension Board v2.00 add G2/MSP-EXP430F5529_Grlib_Example/grlib" --include_path="H:/epaper/1027_new/EPD Extension Board v2.00 add G2_1201/EPD Extension Board v2.00 add G2/MSP-EXP430F5529_Grlib_Example/fonts" --advice:power="none" -g --define=__MSP430F5529__ --diag_warning=225 --display_error_number --diag_wrap=off --silicon_errata=CPU21 --silicon_errata=CPU22 --silicon_errata=CPU23 --silicon_errata=CPU40 --large_memory_model --printf_support=minimal --preproc_with_compile --preproc_dependency="driverlib/MSP430F5xx_6xx/mpy32.pp" --obj_directory="driverlib/MSP430F5xx_6xx"  "../driverlib/MSP430F5xx_6xx/mpy32.c"
'Finished building: ../driverlib/MSP430F5xx_6xx/mpy32.c'
' '
'Building file: ../driverlib/MSP430F5xx_6xx/pmap.c'
'Invoking: MSP430 Compiler'
"E:/ti/ccsv6/tools/compiler/msp430_4.3.5/bin/cl430" -vmspx --abi=eabi --data_model=restricted -O3 --include_path="E:/ti/ccsv6/ccs_base/msp430/include" --include_path="E:/ti/ccsv6/tools/compiler/msp430_4.3.5/include" --include_path="H:/epaper/1027_new/EPD Extension Board v2.00 add G2_1201/EPD Extension Board v2.00 add G2/MSP-EXP430F5529_Grlib_Example/driverlib/MSP430F5xx_6xx" --include_path="H:/epaper/1027_new/EPD Extension Board v2.00 add G2_1201/EPD Extension Board v2.00 add G2/MSP-EXP430F5529_Grlib_Example" --include_path="H:/epaper/1027_new/EPD Extension Board v2.00 add G2_1201/EPD Extension Board v2.00 add G2/MSP-EXP430F5529_Grlib_Example/grlib" --include_path="H:/epaper/1027_new/EPD Extension Board v2.00 add G2_1201/EPD Extension Board v2.00 add G2/MSP-EXP430F5529_Grlib_Example/fonts" --advice:power="none" -g --define=__MSP430F5529__ --diag_warning=225 --display_error_number --diag_wrap=off --silicon_errata=CPU21 --silicon_errata=CPU22 --silicon_errata=CPU23 --silicon_errata=CPU40 --large_memory_model --printf_support=minimal --preproc_with_compile --preproc_dependency="driverlib/MSP430F5xx_6xx/pmap.pp" --obj_directory="driverlib/MSP430F5xx_6xx"  "../driverlib/MSP430F5xx_6xx/pmap.c"
'Finished building: ../driverlib/MSP430F5xx_6xx/pmap.c'
' '
'Building file: ../driverlib/MSP430F5xx_6xx/pmm.c'
'Invoking: MSP430 Compiler'
"E:/ti/ccsv6/tools/compiler/msp430_4.3.5/bin/cl430" -vmspx --abi=eabi --data_model=restricted -O3 --include_path="E:/ti/ccsv6/ccs_base/msp430/include" --include_path="E:/ti/ccsv6/tools/compiler/msp430_4.3.5/include" --include_path="H:/epaper/1027_new/EPD Extension Board v2.00 add G2_1201/EPD Extension Board v2.00 add G2/MSP-EXP430F5529_Grlib_Example/driverlib/MSP430F5xx_6xx" --include_path="H:/epaper/1027_new/EPD Extension Board v2.00 add G2_1201/EPD Extension Board v2.00 add G2/MSP-EXP430F5529_Grlib_Example" --include_path="H:/epaper/1027_new/EPD Extension Board v2.00 add G2_1201/EPD Extension Board v2.00 add G2/MSP-EXP430F5529_Grlib_Example/grlib" --include_path="H:/epaper/1027_new/EPD Extension Board v2.00 add G2_1201/EPD Extension Board v2.00 add G2/MSP-EXP430F5529_Grlib_Example/fonts" --advice:power="none" -g --define=__MSP430F5529__ --diag_warning=225 --display_error_number --diag_wrap=off --silicon_errata=CPU21 --silicon_errata=CPU22 --silicon_errata=CPU23 --silicon_errata=CPU40 --large_memory_model --printf_support=minimal --preproc_with_compile --preproc_dependency="driverlib/MSP430F5xx_6xx/pmm.pp" --obj_directory="driverlib/MSP430F5xx_6xx"  "../driverlib/MSP430F5xx_6xx/pmm.c"
'Finished building: ../driverlib/MSP430F5xx_6xx/pmm.c'
' '
'Building file: ../driverlib/MSP430F5xx_6xx/ram.c'
'Invoking: MSP430 Compiler'
"E:/ti/ccsv6/tools/compiler/msp430_4.3.5/bin/cl430" -vmspx --abi=eabi --data_model=restricted -O3 --include_path="E:/ti/ccsv6/ccs_base/msp430/include" --include_path="E:/ti/ccsv6/tools/compiler/msp430_4.3.5/include" --include_path="H:/epaper/1027_new/EPD Extension Board v2.00 add G2_1201/EPD Extension Board v2.00 add G2/MSP-EXP430F5529_Grlib_Example/driverlib/MSP430F5xx_6xx" --include_path="H:/epaper/1027_new/EPD Extension Board v2.00 add G2_1201/EPD Extension Board v2.00 add G2/MSP-EXP430F5529_Grlib_Example" --include_path="H:/epaper/1027_new/EPD Extension Board v2.00 add G2_1201/EPD Extension Board v2.00 add G2/MSP-EXP430F5529_Grlib_Example/grlib" --include_path="H:/epaper/1027_new/EPD Extension Board v2.00 add G2_1201/EPD Extension Board v2.00 add G2/MSP-EXP430F5529_Grlib_Example/fonts" --advice:power="none" -g --define=__MSP430F5529__ --diag_warning=225 --display_error_number --diag_wrap=off --silicon_errata=CPU21 --silicon_errata=CPU22 --silicon_errata=CPU23 --silicon_errata=CPU40 --large_memory_model --printf_support=minimal --preproc_with_compile --preproc_dependency="driverlib/MSP430F5xx_6xx/ram.pp" --obj_directory="driverlib/MSP430F5xx_6xx"  "../driverlib/MSP430F5xx_6xx/ram.c"
'Finished building: ../driverlib/MSP430F5xx_6xx/ram.c'
' '
'Building file: ../driverlib/MSP430F5xx_6xx/ref.c'
'Invoking: MSP430 Compiler'
"E:/ti/ccsv6/tools/compiler/msp430_4.3.5/bin/cl430" -vmspx --abi=eabi --data_model=restricted -O3 --include_path="E:/ti/ccsv6/ccs_base/msp430/include" --include_path="E:/ti/ccsv6/tools/compiler/msp430_4.3.5/include" --include_path="H:/epaper/1027_new/EPD Extension Board v2.00 add G2_1201/EPD Extension Board v2.00 add G2/MSP-EXP430F5529_Grlib_Example/driverlib/MSP430F5xx_6xx" --include_path="H:/epaper/1027_new/EPD Extension Board v2.00 add G2_1201/EPD Extension Board v2.00 add G2/MSP-EXP430F5529_Grlib_Example" --include_path="H:/epaper/1027_new/EPD Extension Board v2.00 add G2_1201/EPD Extension Board v2.00 add G2/MSP-EXP430F5529_Grlib_Example/grlib" --include_path="H:/epaper/1027_new/EPD Extension Board v2.00 add G2_1201/EPD Extension Board v2.00 add G2/MSP-EXP430F5529_Grlib_Example/fonts" --advice:power="none" -g --define=__MSP430F5529__ --diag_warning=225 --display_error_number --diag_wrap=off --silicon_errata=CPU21 --silicon_errata=CPU22 --silicon_errata=CPU23 --silicon_errata=CPU40 --large_memory_model --printf_support=minimal --preproc_with_compile --preproc_dependency="driverlib/MSP430F5xx_6xx/ref.pp" --obj_directory="driverlib/MSP430F5xx_6xx"  "../driverlib/MSP430F5xx_6xx/ref.c"
'Finished building: ../driverlib/MSP430F5xx_6xx/ref.c'
' '
'Building file: ../driverlib/MSP430F5xx_6xx/rtc_a.c'
'Invoking: MSP430 Compiler'
"E:/ti/ccsv6/tools/compiler/msp430_4.3.5/bin/cl430" -vmspx --abi=eabi --data_model=restricted -O3 --include_path="E:/ti/ccsv6/ccs_base/msp430/include" --include_path="E:/ti/ccsv6/tools/compiler/msp430_4.3.5/include" --include_path="H:/epaper/1027_new/EPD Extension Board v2.00 add G2_1201/EPD Extension Board v2.00 add G2/MSP-EXP430F5529_Grlib_Example/driverlib/MSP430F5xx_6xx" --include_path="H:/epaper/1027_new/EPD Extension Board v2.00 add G2_1201/EPD Extension Board v2.00 add G2/MSP-EXP430F5529_Grlib_Example" --include_path="H:/epaper/1027_new/EPD Extension Board v2.00 add G2_1201/EPD Extension Board v2.00 add G2/MSP-EXP430F5529_Grlib_Example/grlib" --include_path="H:/epaper/1027_new/EPD Extension Board v2.00 add G2_1201/EPD Extension Board v2.00 add G2/MSP-EXP430F5529_Grlib_Example/fonts" --advice:power="none" -g --define=__MSP430F5529__ --diag_warning=225 --display_error_number --diag_wrap=off --silicon_errata=CPU21 --silicon_errata=CPU22 --silicon_errata=CPU23 --silicon_errata=CPU40 --large_memory_model --printf_support=minimal --preproc_with_compile --preproc_dependency="driverlib/MSP430F5xx_6xx/rtc_a.pp" --obj_directory="driverlib/MSP430F5xx_6xx"  "../driverlib/MSP430F5xx_6xx/rtc_a.c"
'Finished building: ../driverlib/MSP430F5xx_6xx/rtc_a.c'
' '
'Building file: ../driverlib/MSP430F5xx_6xx/rtc_b.c'
'Invoking: MSP430 Compiler'
"E:/ti/ccsv6/tools/compiler/msp430_4.3.5/bin/cl430" -vmspx --abi=eabi --data_model=restricted -O3 --include_path="E:/ti/ccsv6/ccs_base/msp430/include" --include_path="E:/ti/ccsv6/tools/compiler/msp430_4.3.5/include" --include_path="H:/epaper/1027_new/EPD Extension Board v2.00 add G2_1201/EPD Extension Board v2.00 add G2/MSP-EXP430F5529_Grlib_Example/driverlib/MSP430F5xx_6xx" --include_path="H:/epaper/1027_new/EPD Extension Board v2.00 add G2_1201/EPD Extension Board v2.00 add G2/MSP-EXP430F5529_Grlib_Example" --include_path="H:/epaper/1027_new/EPD Extension Board v2.00 add G2_1201/EPD Extension Board v2.00 add G2/MSP-EXP430F5529_Grlib_Example/grlib" --include_path="H:/epaper/1027_new/EPD Extension Board v2.00 add G2_1201/EPD Extension Board v2.00 add G2/MSP-EXP430F5529_Grlib_Example/fonts" --advice:power="none" -g --define=__MSP430F5529__ --diag_warning=225 --display_error_number --diag_wrap=off --silicon_errata=CPU21 --silicon_errata=CPU22 --silicon_errata=CPU23 --silicon_errata=CPU40 --large_memory_model --printf_support=minimal --preproc_with_compile --preproc_dependency="driverlib/MSP430F5xx_6xx/rtc_b.pp" --obj_directory="driverlib/MSP430F5xx_6xx"  "../driverlib/MSP430F5xx_6xx/rtc_b.c"
'Finished building: ../driverlib/MSP430F5xx_6xx/rtc_b.c'
' '
'Building file: ../driverlib/MSP430F5xx_6xx/rtc_c.c'
'Invoking: MSP430 Compiler'
"E:/ti/ccsv6/tools/compiler/msp430_4.3.5/bin/cl430" -vmspx --abi=eabi --data_model=restricted -O3 --include_path="E:/ti/ccsv6/ccs_base/msp430/include" --include_path="E:/ti/ccsv6/tools/compiler/msp430_4.3.5/include" --include_path="H:/epaper/1027_new/EPD Extension Board v2.00 add G2_1201/EPD Extension Board v2.00 add G2/MSP-EXP430F5529_Grlib_Example/driverlib/MSP430F5xx_6xx" --include_path="H:/epaper/1027_new/EPD Extension Board v2.00 add G2_1201/EPD Extension Board v2.00 add G2/MSP-EXP430F5529_Grlib_Example" --include_path="H:/epaper/1027_new/EPD Extension Board v2.00 add G2_1201/EPD Extension Board v2.00 add G2/MSP-EXP430F5529_Grlib_Example/grlib" --include_path="H:/epaper/1027_new/EPD Extension Board v2.00 add G2_1201/EPD Extension Board v2.00 add G2/MSP-EXP430F5529_Grlib_Example/fonts" --advice:power="none" -g --define=__MSP430F5529__ --diag_warning=225 --display_error_number --diag_wrap=off --silicon_errata=CPU21 --silicon_errata=CPU22 --silicon_errata=CPU23 --silicon_errata=CPU40 --large_memory_model --printf_support=minimal --preproc_with_compile --preproc_dependency="driverlib/MSP430F5xx_6xx/rtc_c.pp" --obj_directory="driverlib/MSP430F5xx_6xx"  "../driverlib/MSP430F5xx_6xx/rtc_c.c"
'Finished building: ../driverlib/MSP430F5xx_6xx/rtc_c.c'
' '
'Building file: ../driverlib/MSP430F5xx_6xx/sd24_b.c'
'Invoking: MSP430 Compiler'
"E:/ti/ccsv6/tools/compiler/msp430_4.3.5/bin/cl430" -vmspx --abi=eabi --data_model=restricted -O3 --include_path="E:/ti/ccsv6/ccs_base/msp430/include" --include_path="E:/ti/ccsv6/tools/compiler/msp430_4.3.5/include" --include_path="H:/epaper/1027_new/EPD Extension Board v2.00 add G2_1201/EPD Extension Board v2.00 add G2/MSP-EXP430F5529_Grlib_Example/driverlib/MSP430F5xx_6xx" --include_path="H:/epaper/1027_new/EPD Extension Board v2.00 add G2_1201/EPD Extension Board v2.00 add G2/MSP-EXP430F5529_Grlib_Example" --include_path="H:/epaper/1027_new/EPD Extension Board v2.00 add G2_1201/EPD Extension Board v2.00 add G2/MSP-EXP430F5529_Grlib_Example/grlib" --include_path="H:/epaper/1027_new/EPD Extension Board v2.00 add G2_1201/EPD Extension Board v2.00 add G2/MSP-EXP430F5529_Grlib_Example/fonts" --advice:power="none" -g --define=__MSP430F5529__ --diag_warning=225 --display_error_number --diag_wrap=off --silicon_errata=CPU21 --silicon_errata=CPU22 --silicon_errata=CPU23 --silicon_errata=CPU40 --large_memory_model --printf_support=minimal --preproc_with_compile --preproc_dependency="driverlib/MSP430F5xx_6xx/sd24_b.pp" --obj_directory="driverlib/MSP430F5xx_6xx"  "../driverlib/MSP430F5xx_6xx/sd24_b.c"
[E:\ti\ccsv6\tools\compiler\msp430_4.3.5\bin\asm430.exe forced exit]
gmake: *** Deleting file `driverlib/MSP430F5xx_6xx/sd24_b.obj'
gmake: unlink: driverlib/MSP430F5xx_6xx/sd24_b.obj: Permission denied
[E:/ti/ccsv6/tools/compiler/msp430_4.3.5/bin/cl430 forced exit]
要終止批次工作嗎 (Y/N)? 
gmake: *** [driverlib/MSP430F5xx_6xx/sd24_b.obj] Error 2

**** Build of configuration Debug for project MSP-EXP430F5529_Grlib_Example ****

!CommandLauncher.error.commandCanceled!
Error: Program "E:/ti/ccsv6/utils/bin/gmake" is not found in PATH

PATH=[E:\ti\ccsv6\ccs_base\emulation\analysis\bin\..\..\..\common\bin;E:\ti\ccsv6\ccs_base\emulation\analysis\bin\..\..\..\DebugServer\bin;E:\ti\ccsv6\ccs_base\emulation\analysis\bin\ofs;E:\ti\ccsv6\ccs_base\common\bin;E:\ti\ccsv6\ccs_base\common\uscif;E:\ti\ccsv6\ccs_base\DebugServer\license;E:/ti/ccsv6/eclipse/jre/bin/client;E:/ti/ccsv6/eclipse/jre/bin;E:/ti/ccsv6/eclipse/jre/lib/i386;C:\Windows\system32;C:\Windows;C:\Windows\system32\wbem;C:\Program Files (x86)\AMD APP\bin\x86_64;C:\Program Files (x86)\AMD APP\bin\x86;C:\Windows\System32\WindowsPowerShell\v1.0;C:\Program Files (x86)\ATI Technologies\ATI.ACE\Core-Static;C:\Program Files (x86)\Windows Kits\8.1\Windows Performance Toolkit;C:\Program Files (x86)\Mozilla Firefox;C:\Program Files (x86)\Microsoft SDKs\TypeScript\1.0;C:\Program Files\Microsoft SQL Server\Client SDK\ODBC\110\Tools\Binn;C:\Program Files (x86)\Microsoft SQL Server\120\Tools\Binn;C:\Program Files\Microsoft SQL Server\120\Tools\Binn;C:\Program Files\Microsoft SQL Server\120\DTS\Binn;C:\Program Files (x86)\Microsoft SQL Server\120\Tools\Binn\ManagementStudio;C:\Program Files (x86)\Microsoft SQL Server\120\DTS\Binn;C:\Program Files (x86)\Microchip\xc16\v1.23\bin;E:\Program\Cadence\SPB_16.6\openaccess\bin\win32\opt;E:\Program\Cadence\SPB_16.6\tools\capture;E:\Program\Cadence\SPB_16.6\tools\pspice;E:\Program\Cadence\SPB_16.6\tools\specctra\bin;E:\Program\Cadence\SPB_16.6\tools\fet\bin;E:\Program\Cadence\SPB_16.6\tools\libutil\bin;E:\Program\Cadence\SPB_16.6\tools\bin;E:\Program\Cadence\SPB_16.6\tools\pcb\bin;C:\Program Files (x86)\IDM Computer Solutions\UltraEdit\;E:\ti\ccsv6\eclipse;;E:\ti\ccsv6\ccs_base\emulation\analysis\bin\.;E:\ti\ccsv6\ccs_base\emulation\analysis\bin\../xmldb/aet_config;E:\ti\ccsv6\ccs_base\emulation\analysis\bin\../xmldb/trace_config/setup;E:\ti\ccsv6\ccs_base\emulation\analysis\bin\../xmldb/trace_config/devices;E:\ti\ccsv6\ccs_base\emulation\analysis\bin\../../../common/bin;E:\ti\ccsv6\ccs_base\emulation\analysis\bin\../../../common/uscif;E:\ti\ccsv6\ccs_base\emulation\analysis\bin\../../tpi;E:\ti\ccsv6\ccs_base\DebugServer\drivers]

**** Build Finished ****
